{"/Users/earn/Projects/rawinlab/pingtome/apps/api/src/app.module.ts": {"path":"/Users/earn/Projects/rawinlab/pingtome/apps/api/src/app.module.ts","statementMap":{"0":{"start":{"line":1,"column":0},"end":{"line":1,"column":40}},"1":{"start":{"line":2,"column":0},"end":{"line":2,"column":61}},"2":{"start":{"line":3,"column":0},"end":{"line":3,"column":48}},"3":{"start":{"line":4,"column":0},"end":{"line":4,"column":51}},"4":{"start":{"line":5,"column":0},"end":{"line":5,"column":63}},"5":{"start":{"line":6,"column":0},"end":{"line":6,"column":57}},"6":{"start":{"line":7,"column":0},"end":{"line":7,"column":46}},"7":{"start":{"line":8,"column":0},"end":{"line":8,"column":59}},"8":{"start":{"line":9,"column":0},"end":{"line":9,"column":73}},"9":{"start":{"line":10,"column":0},"end":{"line":10,"column":63}},"10":{"start":{"line":11,"column":0},"end":{"line":11,"column":48}},"11":{"start":{"line":12,"column":0},"end":{"line":12,"column":48}},"12":{"start":{"line":13,"column":0},"end":{"line":13,"column":63}},"13":{"start":{"line":14,"column":0},"end":{"line":14,"column":75}},"14":{"start":{"line":15,"column":0},"end":{"line":15,"column":57}},"15":{"start":{"line":16,"column":0},"end":{"line":16,"column":60}},"16":{"start":{"line":17,"column":0},"end":{"line":17,"column":51}},"17":{"start":{"line":19,"column":0},"end":{"line":19,"column":68}},"18":{"start":{"line":20,"column":0},"end":{"line":20,"column":41}},"19":{"start":{"line":71,"column":7},"end":{"line":71,"column":null}},"20":{"start":{"line":71,"column":13},"end":{"line":71,"column":22}},"21":{"start":{"line":71,"column":13},"end":{"line":71,"column":null}},"22":{"start":{"line":29,"column":27},"end":{"line":29,"column":69}},"23":{"start":{"line":30,"column":20},"end":{"line":30,"column":71}},"24":{"start":{"line":31,"column":22},"end":{"line":31,"column":73}},"25":{"start":{"line":33,"column":8},"end":{"line":39,"column":9}},"26":{"start":{"line":35,"column":10},"end":{"line":38,"column":13}},"27":{"start":{"line":41,"column":8},"end":{"line":44,"column":11}}},"fnMap":{"0":{"name":"(anonymous_1)","decl":{"start":{"line":28,"column":18},"end":{"line":28,"column":19}},"loc":{"start":{"line":28,"column":44},"end":{"line":45,"column":7}}}},"branchMap":{"0":{"loc":{"start":{"line":30,"column":29},"end":{"line":30,"column":66}},"type":"binary-expr","locations":[{"start":{"line":30,"column":29},"end":{"line":30,"column":55}},{"start":{"line":30,"column":59},"end":{"line":30,"column":66}}]},"1":{"loc":{"start":{"line":31,"column":31},"end":{"line":31,"column":68}},"type":"binary-expr","locations":[{"start":{"line":31,"column":31},"end":{"line":31,"column":59}},{"start":{"line":31,"column":63},"end":{"line":31,"column":68}}]},"2":{"loc":{"start":{"line":33,"column":8},"end":{"line":39,"column":9}},"type":"if","locations":[{"start":{"line":33,"column":8},"end":{"line":39,"column":9}},{"start":{},"end":{}}]}},"s":{"0":0,"1":0,"2":0,"3":0,"4":0,"5":0,"6":0,"7":0,"8":0,"9":0,"10":0,"11":0,"12":0,"13":0,"14":0,"15":0,"16":0,"17":0,"18":0,"19":0,"20":0,"21":0,"22":0,"23":0,"24":0,"25":0,"26":0,"27":0},"f":{"0":0},"b":{"0":[0,0],"1":[0,0],"2":[0,0]}}
,"/Users/earn/Projects/rawinlab/pingtome/apps/api/src/main.ts": {"path":"/Users/earn/Projects/rawinlab/pingtome/apps/api/src/main.ts","statementMap":{"0":{"start":{"line":1,"column":0},"end":{"line":1,"column":33}},"1":{"start":{"line":2,"column":0},"end":{"line":2,"column":43}},"2":{"start":{"line":3,"column":0},"end":{"line":3,"column":41}},"3":{"start":{"line":4,"column":0},"end":{"line":4,"column":65}},"4":{"start":{"line":5,"column":0},"end":{"line":5,"column":41}},"5":{"start":{"line":6,"column":0},"end":{"line":6,"column":43}},"6":{"start":{"line":9,"column":14},"end":{"line":11,"column":4}},"7":{"start":{"line":14,"column":2},"end":{"line":14,"column":34}},"8":{"start":{"line":15,"column":2},"end":{"line":15,"column":56}},"9":{"start":{"line":17,"column":2},"end":{"line":23,"column":5}},"10":{"start":{"line":24,"column":2},"end":{"line":24,"column":26}},"11":{"start":{"line":27,"column":17},"end":{"line":41,"column":12}},"12":{"start":{"line":43,"column":19},"end":{"line":43,"column":60}},"13":{"start":{"line":44,"column":2},"end":{"line":44,"column":49}},"14":{"start":{"line":46,"column":15},"end":{"line":46,"column":39}},"15":{"start":{"line":47,"column":2},"end":{"line":47,"column":25}},"16":{"start":{"line":48,"column":2},"end":{"line":48,"column":66}},"17":{"start":{"line":49,"column":2},"end":{"line":49,"column":84}},"18":{"start":{"line":51,"column":0},"end":{"line":51,"column":12}}},"fnMap":{"0":{"name":"bootstrap","decl":{"start":{"line":8,"column":15},"end":{"line":8,"column":24}},"loc":{"start":{"line":8,"column":24},"end":{"line":50,"column":1}}}},"branchMap":{"0":{"loc":{"start":{"line":19,"column":6},"end":{"line":19,"column":64}},"type":"binary-expr","locations":[{"start":{"line":19,"column":6},"end":{"line":19,"column":37}},{"start":{"line":19,"column":41},"end":{"line":19,"column":64}}]},"1":{"loc":{"start":{"line":46,"column":15},"end":{"line":46,"column":39}},"type":"binary-expr","locations":[{"start":{"line":46,"column":15},"end":{"line":46,"column":31}},{"start":{"line":46,"column":35},"end":{"line":46,"column":39}}]}},"s":{"0":0,"1":0,"2":0,"3":0,"4":0,"5":0,"6":0,"7":0,"8":0,"9":0,"10":0,"11":0,"12":0,"13":0,"14":0,"15":0,"16":0,"17":0,"18":0},"f":{"0":0},"b":{"0":[0,0],"1":[0,0]}}
,"/Users/earn/Projects/rawinlab/pingtome/apps/api/src/analytics/analytics.controller.ts": {"path":"/Users/earn/Projects/rawinlab/pingtome/apps/api/src/analytics/analytics.controller.ts","statementMap":{"0":{"start":{"line":1,"column":0},"end":{"line":1,"column":95}},"1":{"start":{"line":2,"column":0},"end":{"line":2,"column":55}},"2":{"start":{"line":3,"column":0},"end":{"line":3,"column":47}},"3":{"start":{"line":4,"column":0},"end":{"line":4,"column":54}},"4":{"start":{"line":5,"column":0},"end":{"line":5,"column":59}},"5":{"start":{"line":8,"column":7},"end":{"line":25,"column":null}},"6":{"start":{"line":9,"column":31},"end":{"line":9,"column":49}},"7":{"start":{"line":15,"column":4},"end":{"line":15,"column":50}},"8":{"start":{"line":22,"column":20},"end":{"line":22,"column":50}},"9":{"start":{"line":23,"column":4},"end":{"line":23,"column":75}},"10":{"start":{"line":8,"column":13},"end":{"line":8,"column":32}},"11":{"start":{"line":12,"column":8},"end":{"line":16,"column":null}},"12":{"start":{"line":21,"column":8},"end":{"line":24,"column":null}},"13":{"start":{"line":8,"column":13},"end":{"line":25,"column":null}},"14":{"start":{"line":28,"column":7},"end":{"line":52,"column":null}},"15":{"start":{"line":29,"column":31},"end":{"line":29,"column":49}},"16":{"start":{"line":39,"column":20},"end":{"line":39,"column":50}},"17":{"start":{"line":40,"column":4},"end":{"line":40,"column":76}},"18":{"start":{"line":50,"column":4},"end":{"line":50,"column":65}},"19":{"start":{"line":28,"column":13},"end":{"line":28,"column":36}},"20":{"start":{"line":34,"column":8},"end":{"line":41,"column":null}},"21":{"start":{"line":46,"column":8},"end":{"line":51,"column":null}},"22":{"start":{"line":28,"column":13},"end":{"line":52,"column":null}}},"fnMap":{"0":{"name":"(anonymous_4)","decl":{"start":{"line":9,"column":2},"end":{"line":9,"column":31}},"loc":{"start":{"line":9,"column":65},"end":{"line":9,"column":70}}},"1":{"name":"(anonymous_5)","decl":{"start":{"line":12,"column":8},"end":{"line":12,"column":13}},"loc":{"start":{"line":12,"column":41},"end":{"line":16,"column":3}}},"2":{"name":"(anonymous_6)","decl":{"start":{"line":21,"column":8},"end":{"line":21,"column":27}},"loc":{"start":{"line":21,"column":72},"end":{"line":24,"column":3}}},"3":{"name":"(anonymous_7)","decl":{"start":{"line":29,"column":2},"end":{"line":29,"column":31}},"loc":{"start":{"line":29,"column":65},"end":{"line":29,"column":70}}},"4":{"name":"(anonymous_8)","decl":{"start":{"line":34,"column":8},"end":{"line":34,"column":20}},"loc":{"start":{"line":37,"column":32},"end":{"line":41,"column":3}}},"5":{"name":"(anonymous_9)","decl":{"start":{"line":46,"column":8},"end":{"line":46,"column":22}},"loc":{"start":{"line":48,"column":27},"end":{"line":51,"column":3}}}},"branchMap":{"0":{"loc":{"start":{"line":22,"column":20},"end":{"line":22,"column":50}},"type":"cond-expr","locations":[{"start":{"line":22,"column":27},"end":{"line":22,"column":45}},{"start":{"line":22,"column":48},"end":{"line":22,"column":50}}]},"1":{"loc":{"start":{"line":12,"column":28},"end":{"line":12,"column":null}},"type":"cond-expr","locations":[{"start":{"line":12,"column":41},"end":{"line":12,"column":null}},{"start":{"line":12,"column":41},"end":{"line":12,"column":null}}]},"2":{"loc":{"start":{"line":12,"column":28},"end":{"line":12,"column":41}},"type":"binary-expr","locations":[{"start":{"line":12,"column":28},"end":{"line":12,"column":null}},{"start":{"line":12,"column":28},"end":{"line":12,"column":41}}]},"3":{"loc":{"start":{"line":9,"column":49},"end":{"line":9,"column":69}},"type":"cond-expr","locations":[{"start":{"line":9,"column":65},"end":{"line":9,"column":69}},{"start":{"line":9,"column":65},"end":{"line":9,"column":69}}]},"4":{"loc":{"start":{"line":9,"column":49},"end":{"line":9,"column":65}},"type":"binary-expr","locations":[{"start":{"line":9,"column":49},"end":{"line":9,"column":69}},{"start":{"line":9,"column":49},"end":{"line":9,"column":65}}]},"5":{"loc":{"start":{"line":39,"column":20},"end":{"line":39,"column":50}},"type":"cond-expr","locations":[{"start":{"line":39,"column":27},"end":{"line":39,"column":45}},{"start":{"line":39,"column":48},"end":{"line":39,"column":50}}]},"6":{"loc":{"start":{"line":29,"column":49},"end":{"line":29,"column":69}},"type":"cond-expr","locations":[{"start":{"line":29,"column":65},"end":{"line":29,"column":69}},{"start":{"line":29,"column":65},"end":{"line":29,"column":69}}]},"7":{"loc":{"start":{"line":29,"column":49},"end":{"line":29,"column":65}},"type":"binary-expr","locations":[{"start":{"line":29,"column":49},"end":{"line":29,"column":69}},{"start":{"line":29,"column":49},"end":{"line":29,"column":65}}]}},"s":{"0":0,"1":0,"2":0,"3":0,"4":0,"5":0,"6":0,"7":0,"8":0,"9":0,"10":0,"11":0,"12":0,"13":0,"14":0,"15":0,"16":0,"17":0,"18":0,"19":0,"20":0,"21":0,"22":0},"f":{"0":0,"1":0,"2":0,"3":0,"4":0,"5":0},"b":{"0":[0,0],"1":[0,0],"2":[0,0],"3":[0,0],"4":[0,0],"5":[0,0],"6":[0,0],"7":[0,0]}}
,"/Users/earn/Projects/rawinlab/pingtome/apps/api/src/analytics/analytics.module.ts": {"path":"/Users/earn/Projects/rawinlab/pingtome/apps/api/src/analytics/analytics.module.ts","statementMap":{"0":{"start":{"line":1,"column":0},"end":{"line":1,"column":40}},"1":{"start":{"line":2,"column":0},"end":{"line":2,"column":86}},"2":{"start":{"line":3,"column":0},"end":{"line":3,"column":55}},"3":{"start":{"line":9,"column":7},"end":{"line":9,"column":null}},"4":{"start":{"line":9,"column":13},"end":{"line":9,"column":28}},"5":{"start":{"line":9,"column":13},"end":{"line":9,"column":null}}},"fnMap":{},"branchMap":{},"s":{"0":0,"1":0,"2":0,"3":0,"4":0,"5":0},"f":{},"b":{}}
,"/Users/earn/Projects/rawinlab/pingtome/apps/api/src/analytics/analytics.service.ts": {"path":"/Users/earn/Projects/rawinlab/pingtome/apps/api/src/analytics/analytics.service.ts","statementMap":{"0":{"start":{"line":1,"column":0},"end":{"line":1,"column":83}},"1":{"start":{"line":2,"column":0},"end":{"line":2,"column":59}},"2":{"start":{"line":3,"column":0},"end":{"line":3,"column":40}},"3":{"start":{"line":4,"column":0},"end":{"line":4,"column":57}},"4":{"start":{"line":7,"column":7},"end":{"line":358,"column":null}},"5":{"start":{"line":8,"column":31},"end":{"line":8,"column":39}},"6":{"start":{"line":18,"column":17},"end":{"line":18,"column":82}},"7":{"start":{"line":19,"column":4},"end":{"line":19,"column":22}},"8":{"start":{"line":19,"column":15},"end":{"line":19,"column":22}},"9":{"start":{"line":21,"column":18},"end":{"line":21,"column":27}},"10":{"start":{"line":22,"column":13},"end":{"line":22,"column":22}},"11":{"start":{"line":23,"column":17},"end":{"line":23,"column":26}},"12":{"start":{"line":25,"column":4},"end":{"line":33,"column":5}},"13":{"start":{"line":26,"column":21},"end":{"line":26,"column":49}},"14":{"start":{"line":27,"column":21},"end":{"line":27,"column":39}},"15":{"start":{"line":28,"column":6},"end":{"line":28,"column":49}},"16":{"start":{"line":29,"column":6},"end":{"line":29,"column":39}},"17":{"start":{"line":30,"column":6},"end":{"line":30,"column":47}},"18":{"start":{"line":31,"column":6},"end":{"line":31,"column":49}},"19":{"start":{"line":31,"column":31},"end":{"line":31,"column":49}},"20":{"start":{"line":32,"column":6},"end":{"line":32,"column":49}},"21":{"start":{"line":32,"column":31},"end":{"line":32,"column":49}},"22":{"start":{"line":35,"column":4},"end":{"line":48,"column":7}},"23":{"start":{"line":53,"column":17},"end":{"line":53,"column":77}},"24":{"start":{"line":54,"column":4},"end":{"line":56,"column":5}},"25":{"start":{"line":55,"column":6},"end":{"line":55,"column":52}},"26":{"start":{"line":57,"column":4},"end":{"line":59,"column":5}},"27":{"start":{"line":58,"column":6},"end":{"line":58,"column":52}},"28":{"start":{"line":62,"column":16},"end":{"line":62,"column":26}},"29":{"start":{"line":63,"column":22},"end":{"line":63,"column":35}},"30":{"start":{"line":64,"column":4},"end":{"line":64,"column":50}},"31":{"start":{"line":66,"column":19},"end":{"line":73,"column":6}},"32":{"start":{"line":75,"column":24},"end":{"line":80,"column":6}},"33":{"start":{"line":83,"column":26},"end":{"line":83,"column":83}},"34":{"start":{"line":86,"column":25},"end":{"line":86,"column":38}},"35":{"start":{"line":87,"column":4},"end":{"line":87,"column":53}},"36":{"start":{"line":88,"column":28},"end":{"line":88,"column":41}},"37":{"start":{"line":89,"column":4},"end":{"line":89,"column":60}},"38":{"start":{"line":91,"column":28},"end":{"line":96,"column":6}},"39":{"start":{"line":98,"column":32},"end":{"line":103,"column":6}},"40":{"start":{"line":106,"column":23},"end":{"line":106,"column":24}},"41":{"start":{"line":107,"column":4},"end":{"line":111,"column":5}},"42":{"start":{"line":108,"column":6},"end":{"line":108,"column":103}},"43":{"start":{"line":109,"column":11},"end":{"line":111,"column":5}},"44":{"start":{"line":110,"column":6},"end":{"line":110,"column":25}},"45":{"start":{"line":114,"column":44},"end":{"line":114,"column":46}},"46":{"start":{"line":115,"column":46},"end":{"line":115,"column":48}},"47":{"start":{"line":116,"column":43},"end":{"line":116,"column":45}},"48":{"start":{"line":117,"column":45},"end":{"line":117,"column":47}},"49":{"start":{"line":118,"column":39},"end":{"line":118,"column":41}},"50":{"start":{"line":119,"column":46},"end":{"line":119,"column":48}},"51":{"start":{"line":120,"column":44},"end":{"line":120,"column":46}},"52":{"start":{"line":121,"column":49},"end":{"line":121,"column":51}},"53":{"start":{"line":123,"column":4},"end":{"line":163,"column":7}},"54":{"start":{"line":125,"column":22},"end":{"line":125,"column":48}},"55":{"start":{"line":126,"column":6},"end":{"line":126,"column":57}},"56":{"start":{"line":129,"column":19},"end":{"line":129,"column":42}},"57":{"start":{"line":130,"column":6},"end":{"line":132,"column":7}},"58":{"start":{"line":131,"column":8},"end":{"line":131,"column":47}},"59":{"start":{"line":135,"column":23},"end":{"line":135,"column":49}},"60":{"start":{"line":136,"column":6},"end":{"line":136,"column":59}},"61":{"start":{"line":139,"column":21},"end":{"line":139,"column":45}},"62":{"start":{"line":140,"column":6},"end":{"line":140,"column":51}},"63":{"start":{"line":143,"column":19},"end":{"line":143,"column":62}},"64":{"start":{"line":144,"column":6},"end":{"line":144,"column":57}},"65":{"start":{"line":147,"column":6},"end":{"line":162,"column":7}},"66":{"start":{"line":148,"column":23},"end":{"line":148,"column":52}},"67":{"start":{"line":149,"column":23},"end":{"line":149,"column":41}},"68":{"start":{"line":151,"column":27},"end":{"line":152,"column":96}},"69":{"start":{"line":153,"column":8},"end":{"line":153,"column":61}},"70":{"start":{"line":155,"column":28},"end":{"line":155,"column":60}},"71":{"start":{"line":156,"column":8},"end":{"line":156,"column":65}},"72":{"start":{"line":158,"column":23},"end":{"line":158,"column":50}},"73":{"start":{"line":159,"column":8},"end":{"line":159,"column":43}},"74":{"start":{"line":161,"column":8},"end":{"line":161,"column":59}},"75":{"start":{"line":166,"column":30},"end":{"line":168,"column":51}},"76":{"start":{"line":167,"column":31},"end":{"line":167,"column":54}},"77":{"start":{"line":168,"column":22},"end":{"line":168,"column":50}},"78":{"start":{"line":170,"column":4},"end":{"line":185,"column":6}},"79":{"start":{"line":190,"column":18},"end":{"line":193,"column":6}},"80":{"start":{"line":195,"column":20},"end":{"line":195,"column":40}},"81":{"start":{"line":195,"column":35},"end":{"line":195,"column":39}},"82":{"start":{"line":196,"column":23},"end":{"line":196,"column":35}},"83":{"start":{"line":199,"column":22},"end":{"line":199,"column":32}},"84":{"start":{"line":200,"column":4},"end":{"line":200,"column":50}},"85":{"start":{"line":203,"column":24},"end":{"line":208,"column":6}},"86":{"start":{"line":211,"column":26},"end":{"line":213,"column":6}},"87":{"start":{"line":216,"column":25},"end":{"line":221,"column":6}},"88":{"start":{"line":224,"column":26},"end":{"line":230,"column":6}},"89":{"start":{"line":233,"column":49},"end":{"line":233,"column":51}},"90":{"start":{"line":234,"column":46},"end":{"line":234,"column":48}},"91":{"start":{"line":235,"column":46},"end":{"line":235,"column":48}},"92":{"start":{"line":236,"column":44},"end":{"line":236,"column":46}},"93":{"start":{"line":238,"column":4},"end":{"line":261,"column":7}},"94":{"start":{"line":240,"column":19},"end":{"line":240,"column":62}},"95":{"start":{"line":241,"column":6},"end":{"line":241,"column":57}},"96":{"start":{"line":244,"column":22},"end":{"line":244,"column":48}},"97":{"start":{"line":245,"column":6},"end":{"line":245,"column":57}},"98":{"start":{"line":248,"column":23},"end":{"line":248,"column":49}},"99":{"start":{"line":249,"column":6},"end":{"line":249,"column":59}},"100":{"start":{"line":252,"column":6},"end":{"line":260,"column":7}},"101":{"start":{"line":253,"column":23},"end":{"line":253,"column":52}},"102":{"start":{"line":254,"column":23},"end":{"line":254,"column":41}},"103":{"start":{"line":255,"column":27},"end":{"line":256,"column":96}},"104":{"start":{"line":257,"column":8},"end":{"line":257,"column":61}},"105":{"start":{"line":259,"column":8},"end":{"line":259,"column":59}},"106":{"start":{"line":264,"column":28},"end":{"line":273,"column":6}},"107":{"start":{"line":275,"column":21},"end":{"line":284,"column":6}},"108":{"start":{"line":276,"column":19},"end":{"line":276,"column":54}},"109":{"start":{"line":276,"column":35},"end":{"line":276,"column":53}},"110":{"start":{"line":277,"column":6},"end":{"line":283,"column":8}},"111":{"start":{"line":286,"column":4},"end":{"line":299,"column":6}},"112":{"start":{"line":293,"column":33},"end":{"line":293,"column":56}},"113":{"start":{"line":294,"column":24},"end":{"line":294,"column":52}},"114":{"start":{"line":304,"column":17},"end":{"line":304,"column":77}},"115":{"start":{"line":305,"column":4},"end":{"line":307,"column":5}},"116":{"start":{"line":306,"column":6},"end":{"line":306,"column":52}},"117":{"start":{"line":308,"column":4},"end":{"line":310,"column":5}},"118":{"start":{"line":309,"column":6},"end":{"line":309,"column":52}},"119":{"start":{"line":313,"column":24},"end":{"line":315,"column":6}},"120":{"start":{"line":318,"column":24},"end":{"line":322,"column":6}},"121":{"start":{"line":325,"column":18},"end":{"line":325,"column":19}},"122":{"start":{"line":326,"column":23},"end":{"line":326,"column":24}},"123":{"start":{"line":327,"column":20},"end":{"line":327,"column":21}},"124":{"start":{"line":330,"column":4},"end":{"line":343,"column":7}},"125":{"start":{"line":331,"column":20},"end":{"line":331,"column":34}},"126":{"start":{"line":332,"column":6},"end":{"line":342,"column":7}},"127":{"start":{"line":334,"column":10},"end":{"line":334,"column":26}},"128":{"start":{"line":335,"column":10},"end":{"line":335,"column":16}},"129":{"start":{"line":337,"column":10},"end":{"line":337,"column":31}},"130":{"start":{"line":338,"column":10},"end":{"line":338,"column":16}},"131":{"start":{"line":340,"column":10},"end":{"line":340,"column":28}},"132":{"start":{"line":341,"column":10},"end":{"line":341,"column":16}},"133":{"start":{"line":346,"column":25},"end":{"line":348,"column":9}},"134":{"start":{"line":350,"column":4},"end":{"line":356,"column":6}},"135":{"start":{"line":7,"column":13},"end":{"line":7,"column":29}},"136":{"start":{"line":7,"column":13},"end":{"line":358,"column":null}}},"fnMap":{"0":{"name":"(anonymous_2)","decl":{"start":{"line":8,"column":2},"end":{"line":8,"column":31}},"loc":{"start":{"line":8,"column":52},"end":{"line":8,"column":57}}},"1":{"name":"(anonymous_3)","decl":{"start":{"line":10,"column":2},"end":{"line":10,"column":7}},"loc":{"start":{"line":17,"column":3},"end":{"line":49,"column":3}}},"2":{"name":"(anonymous_4)","decl":{"start":{"line":51,"column":2},"end":{"line":51,"column":7}},"loc":{"start":{"line":51,"column":74},"end":{"line":186,"column":3}}},"3":{"name":"(anonymous_5)","decl":{"start":{"line":123,"column":19},"end":{"line":123,"column":24}},"loc":{"start":{"line":123,"column":27},"end":{"line":163,"column":5}}},"4":{"name":"(anonymous_6)","decl":{"start":{"line":167,"column":11},"end":{"line":167,"column":12}},"loc":{"start":{"line":167,"column":31},"end":{"line":167,"column":54}}},"5":{"name":"(anonymous_7)","decl":{"start":{"line":168,"column":12},"end":{"line":168,"column":13}},"loc":{"start":{"line":168,"column":22},"end":{"line":168,"column":50}}},"6":{"name":"(anonymous_8)","decl":{"start":{"line":188,"column":2},"end":{"line":188,"column":7}},"loc":{"start":{"line":188,"column":61},"end":{"line":300,"column":3}}},"7":{"name":"(anonymous_9)","decl":{"start":{"line":195,"column":30},"end":{"line":195,"column":31}},"loc":{"start":{"line":195,"column":35},"end":{"line":195,"column":39}}},"8":{"name":"(anonymous_10)","decl":{"start":{"line":238,"column":26},"end":{"line":238,"column":31}},"loc":{"start":{"line":238,"column":34},"end":{"line":261,"column":5}}},"9":{"name":"(anonymous_11)","decl":{"start":{"line":275,"column":41},"end":{"line":275,"column":43}},"loc":{"start":{"line":275,"column":46},"end":{"line":284,"column":5}}},"10":{"name":"(anonymous_12)","decl":{"start":{"line":276,"column":30},"end":{"line":276,"column":31}},"loc":{"start":{"line":276,"column":35},"end":{"line":276,"column":53}}},"11":{"name":"(anonymous_13)","decl":{"start":{"line":293,"column":13},"end":{"line":293,"column":14}},"loc":{"start":{"line":293,"column":33},"end":{"line":293,"column":56}}},"12":{"name":"(anonymous_14)","decl":{"start":{"line":294,"column":14},"end":{"line":294,"column":15}},"loc":{"start":{"line":294,"column":24},"end":{"line":294,"column":52}}},"13":{"name":"(anonymous_15)","decl":{"start":{"line":302,"column":2},"end":{"line":302,"column":7}},"loc":{"start":{"line":302,"column":53},"end":{"line":357,"column":3}}},"14":{"name":"(anonymous_16)","decl":{"start":{"line":330,"column":24},"end":{"line":330,"column":25}},"loc":{"start":{"line":330,"column":33},"end":{"line":343,"column":5}}}},"branchMap":{"0":{"loc":{"start":{"line":19,"column":4},"end":{"line":19,"column":22}},"type":"if","locations":[{"start":{"line":19,"column":4},"end":{"line":19,"column":22}},{"start":{},"end":{}}]},"1":{"loc":{"start":{"line":25,"column":4},"end":{"line":33,"column":5}},"type":"if","locations":[{"start":{"line":25,"column":4},"end":{"line":33,"column":5}},{"start":{},"end":{}}]},"2":{"loc":{"start":{"line":28,"column":16},"end":{"line":28,"column":48}},"type":"binary-expr","locations":[{"start":{"line":28,"column":16},"end":{"line":28,"column":35}},{"start":{"line":28,"column":39},"end":{"line":28,"column":48}}]},"3":{"loc":{"start":{"line":29,"column":11},"end":{"line":29,"column":38}},"type":"binary-expr","locations":[{"start":{"line":29,"column":11},"end":{"line":29,"column":25}},{"start":{"line":29,"column":29},"end":{"line":29,"column":38}}]},"4":{"loc":{"start":{"line":30,"column":15},"end":{"line":30,"column":46}},"type":"binary-expr","locations":[{"start":{"line":30,"column":15},"end":{"line":30,"column":33}},{"start":{"line":30,"column":37},"end":{"line":30,"column":46}}]},"5":{"loc":{"start":{"line":31,"column":6},"end":{"line":31,"column":49}},"type":"if","locations":[{"start":{"line":31,"column":6},"end":{"line":31,"column":49}},{"start":{},"end":{}}]},"6":{"loc":{"start":{"line":32,"column":6},"end":{"line":32,"column":49}},"type":"if","locations":[{"start":{"line":32,"column":6},"end":{"line":32,"column":49}},{"start":{},"end":{}}]},"7":{"loc":{"start":{"line":41,"column":17},"end":{"line":41,"column":42}},"type":"binary-expr","locations":[{"start":{"line":41,"column":17},"end":{"line":41,"column":29}},{"start":{"line":41,"column":33},"end":{"line":41,"column":42}}]},"8":{"loc":{"start":{"line":42,"column":16},"end":{"line":42,"column":49}},"type":"binary-expr","locations":[{"start":{"line":42,"column":16},"end":{"line":42,"column":27}},{"start":{"line":42,"column":31},"end":{"line":42,"column":49}}]},"9":{"loc":{"start":{"line":51,"column":57},"end":{"line":51,"column":74}},"type":"default-arg","locations":[{"start":{"line":51,"column":72},"end":{"line":51,"column":74}}]},"10":{"loc":{"start":{"line":54,"column":4},"end":{"line":56,"column":5}},"type":"if","locations":[{"start":{"line":54,"column":4},"end":{"line":56,"column":5}},{"start":{},"end":{}}]},"11":{"loc":{"start":{"line":57,"column":4},"end":{"line":59,"column":5}},"type":"if","locations":[{"start":{"line":57,"column":4},"end":{"line":59,"column":5}},{"start":{},"end":{}}]},"12":{"loc":{"start":{"line":107,"column":4},"end":{"line":111,"column":5}},"type":"if","locations":[{"start":{"line":107,"column":4},"end":{"line":111,"column":5}},{"start":{"line":109,"column":11},"end":{"line":111,"column":5}}]},"13":{"loc":{"start":{"line":109,"column":11},"end":{"line":111,"column":5}},"type":"if","locations":[{"start":{"line":109,"column":11},"end":{"line":111,"column":5}},{"start":{},"end":{}}]},"14":{"loc":{"start":{"line":125,"column":22},"end":{"line":125,"column":48}},"type":"binary-expr","locations":[{"start":{"line":125,"column":22},"end":{"line":125,"column":35}},{"start":{"line":125,"column":39},"end":{"line":125,"column":48}}]},"15":{"loc":{"start":{"line":126,"column":28},"end":{"line":126,"column":51}},"type":"binary-expr","locations":[{"start":{"line":126,"column":28},"end":{"line":126,"column":46}},{"start":{"line":126,"column":50},"end":{"line":126,"column":51}}]},"16":{"loc":{"start":{"line":129,"column":19},"end":{"line":129,"column":42}},"type":"binary-expr","locations":[{"start":{"line":129,"column":19},"end":{"line":129,"column":29}},{"start":{"line":129,"column":33},"end":{"line":129,"column":42}}]},"17":{"loc":{"start":{"line":130,"column":6},"end":{"line":132,"column":7}},"type":"if","locations":[{"start":{"line":130,"column":6},"end":{"line":132,"column":7}},{"start":{},"end":{}}]},"18":{"loc":{"start":{"line":131,"column":24},"end":{"line":131,"column":41}},"type":"binary-expr","locations":[{"start":{"line":131,"column":24},"end":{"line":131,"column":36}},{"start":{"line":131,"column":40},"end":{"line":131,"column":41}}]},"19":{"loc":{"start":{"line":135,"column":23},"end":{"line":135,"column":49}},"type":"binary-expr","locations":[{"start":{"line":135,"column":23},"end":{"line":135,"column":37}},{"start":{"line":135,"column":41},"end":{"line":135,"column":49}}]},"20":{"loc":{"start":{"line":136,"column":29},"end":{"line":136,"column":53}},"type":"binary-expr","locations":[{"start":{"line":136,"column":29},"end":{"line":136,"column":48}},{"start":{"line":136,"column":52},"end":{"line":136,"column":53}}]},"21":{"loc":{"start":{"line":139,"column":21},"end":{"line":139,"column":45}},"type":"binary-expr","locations":[{"start":{"line":139,"column":21},"end":{"line":139,"column":33}},{"start":{"line":139,"column":37},"end":{"line":139,"column":45}}]},"22":{"loc":{"start":{"line":140,"column":25},"end":{"line":140,"column":45}},"type":"binary-expr","locations":[{"start":{"line":140,"column":25},"end":{"line":140,"column":40}},{"start":{"line":140,"column":44},"end":{"line":140,"column":45}}]},"23":{"loc":{"start":{"line":144,"column":28},"end":{"line":144,"column":51}},"type":"binary-expr","locations":[{"start":{"line":144,"column":28},"end":{"line":144,"column":46}},{"start":{"line":144,"column":50},"end":{"line":144,"column":51}}]},"24":{"loc":{"start":{"line":147,"column":6},"end":{"line":162,"column":7}},"type":"if","locations":[{"start":{"line":147,"column":6},"end":{"line":162,"column":7}},{"start":{"line":160,"column":13},"end":{"line":162,"column":7}}]},"25":{"loc":{"start":{"line":151,"column":27},"end":{"line":152,"column":96}},"type":"cond-expr","locations":[{"start":{"line":152,"column":11},"end":{"line":152,"column":83}},{"start":{"line":152,"column":87},"end":{"line":152,"column":96}}]},"26":{"loc":{"start":{"line":153,"column":31},"end":{"line":153,"column":55}},"type":"binary-expr","locations":[{"start":{"line":153,"column":31},"end":{"line":153,"column":50}},{"start":{"line":153,"column":54},"end":{"line":153,"column":55}}]},"27":{"loc":{"start":{"line":155,"column":28},"end":{"line":155,"column":60}},"type":"binary-expr","locations":[{"start":{"line":155,"column":28},"end":{"line":155,"column":47}},{"start":{"line":155,"column":51},"end":{"line":155,"column":60}}]},"28":{"loc":{"start":{"line":156,"column":33},"end":{"line":156,"column":59}},"type":"binary-expr","locations":[{"start":{"line":156,"column":33},"end":{"line":156,"column":54}},{"start":{"line":156,"column":58},"end":{"line":156,"column":59}}]},"29":{"loc":{"start":{"line":158,"column":23},"end":{"line":158,"column":50}},"type":"binary-expr","locations":[{"start":{"line":158,"column":23},"end":{"line":158,"column":37}},{"start":{"line":158,"column":41},"end":{"line":158,"column":50}}]},"30":{"loc":{"start":{"line":159,"column":22},"end":{"line":159,"column":37}},"type":"binary-expr","locations":[{"start":{"line":159,"column":22},"end":{"line":159,"column":32}},{"start":{"line":159,"column":36},"end":{"line":159,"column":37}}]},"31":{"loc":{"start":{"line":161,"column":30},"end":{"line":161,"column":53}},"type":"binary-expr","locations":[{"start":{"line":161,"column":30},"end":{"line":161,"column":48}},{"start":{"line":161,"column":52},"end":{"line":161,"column":53}}]},"32":{"loc":{"start":{"line":188,"column":44},"end":{"line":188,"column":61}},"type":"default-arg","locations":[{"start":{"line":188,"column":59},"end":{"line":188,"column":61}}]},"33":{"loc":{"start":{"line":241,"column":28},"end":{"line":241,"column":51}},"type":"binary-expr","locations":[{"start":{"line":241,"column":28},"end":{"line":241,"column":46}},{"start":{"line":241,"column":50},"end":{"line":241,"column":51}}]},"34":{"loc":{"start":{"line":244,"column":22},"end":{"line":244,"column":48}},"type":"binary-expr","locations":[{"start":{"line":244,"column":22},"end":{"line":244,"column":35}},{"start":{"line":244,"column":39},"end":{"line":244,"column":48}}]},"35":{"loc":{"start":{"line":245,"column":28},"end":{"line":245,"column":51}},"type":"binary-expr","locations":[{"start":{"line":245,"column":28},"end":{"line":245,"column":46}},{"start":{"line":245,"column":50},"end":{"line":245,"column":51}}]},"36":{"loc":{"start":{"line":248,"column":23},"end":{"line":248,"column":49}},"type":"binary-expr","locations":[{"start":{"line":248,"column":23},"end":{"line":248,"column":37}},{"start":{"line":248,"column":41},"end":{"line":248,"column":49}}]},"37":{"loc":{"start":{"line":249,"column":29},"end":{"line":249,"column":53}},"type":"binary-expr","locations":[{"start":{"line":249,"column":29},"end":{"line":249,"column":48}},{"start":{"line":249,"column":52},"end":{"line":249,"column":53}}]},"38":{"loc":{"start":{"line":252,"column":6},"end":{"line":260,"column":7}},"type":"if","locations":[{"start":{"line":252,"column":6},"end":{"line":260,"column":7}},{"start":{"line":258,"column":13},"end":{"line":260,"column":7}}]},"39":{"loc":{"start":{"line":255,"column":27},"end":{"line":256,"column":96}},"type":"cond-expr","locations":[{"start":{"line":256,"column":11},"end":{"line":256,"column":83}},{"start":{"line":256,"column":87},"end":{"line":256,"column":96}}]},"40":{"loc":{"start":{"line":257,"column":31},"end":{"line":257,"column":55}},"type":"binary-expr","locations":[{"start":{"line":257,"column":31},"end":{"line":257,"column":50}},{"start":{"line":257,"column":54},"end":{"line":257,"column":55}}]},"41":{"loc":{"start":{"line":259,"column":30},"end":{"line":259,"column":53}},"type":"binary-expr","locations":[{"start":{"line":259,"column":30},"end":{"line":259,"column":48}},{"start":{"line":259,"column":52},"end":{"line":259,"column":53}}]},"42":{"loc":{"start":{"line":305,"column":4},"end":{"line":307,"column":5}},"type":"if","locations":[{"start":{"line":305,"column":4},"end":{"line":307,"column":5}},{"start":{},"end":{}}]},"43":{"loc":{"start":{"line":308,"column":4},"end":{"line":310,"column":5}},"type":"if","locations":[{"start":{"line":308,"column":4},"end":{"line":310,"column":5}},{"start":{},"end":{}}]},"44":{"loc":{"start":{"line":332,"column":6},"end":{"line":342,"column":7}},"type":"switch","locations":[{"start":{"line":333,"column":8},"end":{"line":335,"column":16}},{"start":{"line":336,"column":8},"end":{"line":338,"column":16}},{"start":{"line":339,"column":8},"end":{"line":341,"column":16}}]},"45":{"loc":{"start":{"line":346,"column":25},"end":{"line":348,"column":9}},"type":"cond-expr","locations":[{"start":{"line":347,"column":8},"end":{"line":347,"column":49}},{"start":{"line":348,"column":8},"end":{"line":348,"column":9}}]},"46":{"loc":{"start":{"line":8,"column":39},"end":{"line":8,"column":56}},"type":"cond-expr","locations":[{"start":{"line":8,"column":52},"end":{"line":8,"column":56}},{"start":{"line":8,"column":52},"end":{"line":8,"column":56}}]},"47":{"loc":{"start":{"line":8,"column":39},"end":{"line":8,"column":52}},"type":"binary-expr","locations":[{"start":{"line":8,"column":39},"end":{"line":8,"column":56}},{"start":{"line":8,"column":39},"end":{"line":8,"column":52}}]}},"s":{"0":0,"1":0,"2":0,"3":0,"4":0,"5":0,"6":0,"7":0,"8":0,"9":0,"10":0,"11":0,"12":0,"13":0,"14":0,"15":0,"16":0,"17":0,"18":0,"19":0,"20":0,"21":0,"22":0,"23":0,"24":0,"25":0,"26":0,"27":0,"28":0,"29":0,"30":0,"31":0,"32":0,"33":0,"34":0,"35":0,"36":0,"37":0,"38":0,"39":0,"40":0,"41":0,"42":0,"43":0,"44":0,"45":0,"46":0,"47":0,"48":0,"49":0,"50":0,"51":0,"52":0,"53":0,"54":0,"55":0,"56":0,"57":0,"58":0,"59":0,"60":0,"61":0,"62":0,"63":0,"64":0,"65":0,"66":0,"67":0,"68":0,"69":0,"70":0,"71":0,"72":0,"73":0,"74":0,"75":0,"76":0,"77":0,"78":0,"79":0,"80":0,"81":0,"82":0,"83":0,"84":0,"85":0,"86":0,"87":0,"88":0,"89":0,"90":0,"91":0,"92":0,"93":0,"94":0,"95":0,"96":0,"97":0,"98":0,"99":0,"100":0,"101":0,"102":0,"103":0,"104":0,"105":0,"106":0,"107":0,"108":0,"109":0,"110":0,"111":0,"112":0,"113":0,"114":0,"115":0,"116":0,"117":0,"118":0,"119":0,"120":0,"121":0,"122":0,"123":0,"124":0,"125":0,"126":0,"127":0,"128":0,"129":0,"130":0,"131":0,"132":0,"133":0,"134":0,"135":0,"136":0},"f":{"0":0,"1":0,"2":0,"3":0,"4":0,"5":0,"6":0,"7":0,"8":0,"9":0,"10":0,"11":0,"12":0,"13":0,"14":0},"b":{"0":[0,0],"1":[0,0],"2":[0,0],"3":[0,0],"4":[0,0],"5":[0,0],"6":[0,0],"7":[0,0],"8":[0,0],"9":[0],"10":[0,0],"11":[0,0],"12":[0,0],"13":[0,0],"14":[0,0],"15":[0,0],"16":[0,0],"17":[0,0],"18":[0,0],"19":[0,0],"20":[0,0],"21":[0,0],"22":[0,0],"23":[0,0],"24":[0,0],"25":[0,0],"26":[0,0],"27":[0,0],"28":[0,0],"29":[0,0],"30":[0,0],"31":[0,0],"32":[0],"33":[0,0],"34":[0,0],"35":[0,0],"36":[0,0],"37":[0,0],"38":[0,0],"39":[0,0],"40":[0,0],"41":[0,0],"42":[0,0],"43":[0,0],"44":[0,0,0],"45":[0,0],"46":[0,0],"47":[0,0]}}
,"/Users/earn/Projects/rawinlab/pingtome/apps/api/src/analytics/dto/track-click.dto.ts": {"path":"/Users/earn/Projects/rawinlab/pingtome/apps/api/src/analytics/dto/track-click.dto.ts","statementMap":{"0":{"start":{"line":1,"column":0},"end":{"line":1,"column":77}},"1":{"start":{"line":3,"column":0},"end":{"line":3,"column":null}},"2":{"start":{"line":4,"column":2},"end":{"line":4,"column":null}},"3":{"start":{"line":5,"column":2},"end":{"line":5,"column":null}},"4":{"start":{"line":6,"column":2},"end":{"line":6,"column":null}},"5":{"start":{"line":9,"column":0},"end":{"line":9,"column":13}},"6":{"start":{"line":11,"column":2},"end":{"line":11,"column":null}},"7":{"start":{"line":14,"column":2},"end":{"line":14,"column":null}},"8":{"start":{"line":18,"column":2},"end":{"line":18,"column":null}},"9":{"start":{"line":22,"column":2},"end":{"line":22,"column":null}},"10":{"start":{"line":26,"column":2},"end":{"line":26,"column":null}},"11":{"start":{"line":30,"column":2},"end":{"line":30,"column":null}}},"fnMap":{"0":{"name":"(anonymous_2)","decl":{"start":{"line":3,"column":0},"end":{"line":3,"column":12}},"loc":{"start":{"line":3,"column":23},"end":{"line":7,"column":1}}}},"branchMap":{"0":{"loc":{"start":{"line":3,"column":12},"end":{"line":3,"column":null}},"type":"binary-expr","locations":[{"start":{"line":3,"column":12},"end":{"line":3,"column":23}},{"start":{"line":3,"column":23},"end":{"line":3,"column":null}}]}},"s":{"0":0,"1":0,"2":0,"3":0,"4":0,"5":0,"6":0,"7":0,"8":0,"9":0,"10":0,"11":0},"f":{"0":0},"b":{"0":[0,0]}}
,"/Users/earn/Projects/rawinlab/pingtome/apps/api/src/audit/audit.controller.ts": {"path":"/Users/earn/Projects/rawinlab/pingtome/apps/api/src/audit/audit.controller.ts","statementMap":{"0":{"start":{"line":1,"column":0},"end":{"line":1,"column":76}},"1":{"start":{"line":2,"column":0},"end":{"line":2,"column":47}},"2":{"start":{"line":3,"column":0},"end":{"line":3,"column":61}},"3":{"start":{"line":4,"column":0},"end":{"line":4,"column":59}},"4":{"start":{"line":8,"column":7},"end":{"line":45,"column":null}},"5":{"start":{"line":9,"column":31},"end":{"line":9,"column":45}},"6":{"start":{"line":22,"column":4},"end":{"line":30,"column":7}},"7":{"start":{"line":39,"column":4},"end":{"line":43,"column":7}},"8":{"start":{"line":8,"column":13},"end":{"line":8,"column":28}},"9":{"start":{"line":13,"column":8},"end":{"line":31,"column":null}},"10":{"start":{"line":34,"column":8},"end":{"line":44,"column":null}},"11":{"start":{"line":8,"column":13},"end":{"line":45,"column":null}}},"fnMap":{"0":{"name":"(anonymous_4)","decl":{"start":{"line":9,"column":2},"end":{"line":9,"column":31}},"loc":{"start":{"line":9,"column":57},"end":{"line":9,"column":62}}},"1":{"name":"(anonymous_5)","decl":{"start":{"line":13,"column":8},"end":{"line":13,"column":15}},"loc":{"start":{"line":20,"column":36},"end":{"line":31,"column":3}}},"2":{"name":"(anonymous_6)","decl":{"start":{"line":34,"column":8},"end":{"line":34,"column":21}},"loc":{"start":{"line":37,"column":36},"end":{"line":44,"column":3}}}},"branchMap":{"0":{"loc":{"start":{"line":26,"column":17},"end":{"line":26,"column":60}},"type":"cond-expr","locations":[{"start":{"line":26,"column":29},"end":{"line":26,"column":48}},{"start":{"line":26,"column":51},"end":{"line":26,"column":60}}]},"1":{"loc":{"start":{"line":27,"column":15},"end":{"line":27,"column":54}},"type":"cond-expr","locations":[{"start":{"line":27,"column":25},"end":{"line":27,"column":42}},{"start":{"line":27,"column":45},"end":{"line":27,"column":54}}]},"2":{"loc":{"start":{"line":28,"column":13},"end":{"line":28,"column":41}},"type":"cond-expr","locations":[{"start":{"line":28,"column":21},"end":{"line":28,"column":36}},{"start":{"line":28,"column":39},"end":{"line":28,"column":41}}]},"3":{"loc":{"start":{"line":29,"column":14},"end":{"line":29,"column":43}},"type":"cond-expr","locations":[{"start":{"line":29,"column":23},"end":{"line":29,"column":39}},{"start":{"line":29,"column":42},"end":{"line":29,"column":43}}]},"4":{"loc":{"start":{"line":41,"column":13},"end":{"line":41,"column":41}},"type":"cond-expr","locations":[{"start":{"line":41,"column":21},"end":{"line":41,"column":36}},{"start":{"line":41,"column":39},"end":{"line":41,"column":41}}]},"5":{"loc":{"start":{"line":42,"column":14},"end":{"line":42,"column":43}},"type":"cond-expr","locations":[{"start":{"line":42,"column":23},"end":{"line":42,"column":39}},{"start":{"line":42,"column":42},"end":{"line":42,"column":43}}]},"6":{"loc":{"start":{"line":9,"column":45},"end":{"line":9,"column":61}},"type":"cond-expr","locations":[{"start":{"line":9,"column":57},"end":{"line":9,"column":61}},{"start":{"line":9,"column":57},"end":{"line":9,"column":61}}]},"7":{"loc":{"start":{"line":9,"column":45},"end":{"line":9,"column":57}},"type":"binary-expr","locations":[{"start":{"line":9,"column":45},"end":{"line":9,"column":61}},{"start":{"line":9,"column":45},"end":{"line":9,"column":57}}]}},"s":{"0":0,"1":0,"2":0,"3":0,"4":0,"5":0,"6":0,"7":0,"8":0,"9":0,"10":0,"11":0},"f":{"0":0,"1":0,"2":0},"b":{"0":[0,0],"1":[0,0],"2":[0,0],"3":[0,0],"4":[0,0],"5":[0,0],"6":[0,0],"7":[0,0]}}
,"/Users/earn/Projects/rawinlab/pingtome/apps/api/src/audit/audit.module.ts": {"path":"/Users/earn/Projects/rawinlab/pingtome/apps/api/src/audit/audit.module.ts","statementMap":{"0":{"start":{"line":1,"column":0},"end":{"line":1,"column":48}},"1":{"start":{"line":2,"column":0},"end":{"line":2,"column":53}},"2":{"start":{"line":3,"column":0},"end":{"line":3,"column":47}},"3":{"start":{"line":4,"column":0},"end":{"line":4,"column":55}},"4":{"start":{"line":13,"column":7},"end":{"line":13,"column":null}},"5":{"start":{"line":13,"column":13},"end":{"line":13,"column":24}},"6":{"start":{"line":13,"column":13},"end":{"line":13,"column":null}}},"fnMap":{},"branchMap":{},"s":{"0":0,"1":0,"2":0,"3":0,"4":0,"5":0,"6":0},"f":{},"b":{}}
,"/Users/earn/Projects/rawinlab/pingtome/apps/api/src/audit/audit.service.ts": {"path":"/Users/earn/Projects/rawinlab/pingtome/apps/api/src/audit/audit.service.ts","statementMap":{"0":{"start":{"line":1,"column":0},"end":{"line":1,"column":44}},"1":{"start":{"line":2,"column":0},"end":{"line":2,"column":57}},"2":{"start":{"line":16,"column":7},"end":{"line":124,"column":null}},"3":{"start":{"line":17,"column":22},"end":{"line":17,"column":30}},"4":{"start":{"line":20,"column":4},"end":{"line":36,"column":5}},"5":{"start":{"line":21,"column":6},"end":{"line":32,"column":9}},"6":{"start":{"line":35,"column":6},"end":{"line":35,"column":58}},"7":{"start":{"line":49,"column":23},"end":{"line":49,"column":25}},"8":{"start":{"line":51,"column":4},"end":{"line":51,"column":54}},"9":{"start":{"line":51,"column":24},"end":{"line":51,"column":54}},"10":{"start":{"line":52,"column":4},"end":{"line":52,"column":78}},"11":{"start":{"line":52,"column":32},"end":{"line":52,"column":78}},"12":{"start":{"line":53,"column":4},"end":{"line":53,"column":54}},"13":{"start":{"line":53,"column":24},"end":{"line":53,"column":54}},"14":{"start":{"line":54,"column":4},"end":{"line":54,"column":60}},"15":{"start":{"line":54,"column":26},"end":{"line":54,"column":60}},"16":{"start":{"line":56,"column":4},"end":{"line":60,"column":5}},"17":{"start":{"line":57,"column":6},"end":{"line":57,"column":27}},"18":{"start":{"line":58,"column":6},"end":{"line":58,"column":69}},"19":{"start":{"line":58,"column":29},"end":{"line":58,"column":69}},"20":{"start":{"line":59,"column":6},"end":{"line":59,"column":65}},"21":{"start":{"line":59,"column":27},"end":{"line":59,"column":65}},"22":{"start":{"line":62,"column":26},"end":{"line":70,"column":6}},"23":{"start":{"line":72,"column":4},"end":{"line":72,"column":27}},"24":{"start":{"line":77,"column":4},"end":{"line":84,"column":7}},"25":{"start":{"line":88,"column":4},"end":{"line":93,"column":7}},"26":{"start":{"line":97,"column":4},"end":{"line":103,"column":7}},"27":{"start":{"line":107,"column":4},"end":{"line":113,"column":7}},"28":{"start":{"line":117,"column":4},"end":{"line":122,"column":7}},"29":{"start":{"line":16,"column":13},"end":{"line":16,"column":25}},"30":{"start":{"line":16,"column":13},"end":{"line":124,"column":null}}},"fnMap":{"0":{"name":"(anonymous_2)","decl":{"start":{"line":17,"column":2},"end":{"line":17,"column":22}},"loc":{"start":{"line":17,"column":43},"end":{"line":17,"column":48}}},"1":{"name":"(anonymous_3)","decl":{"start":{"line":19,"column":2},"end":{"line":19,"column":7}},"loc":{"start":{"line":19,"column":30},"end":{"line":37,"column":3}}},"2":{"name":"(anonymous_4)","decl":{"start":{"line":39,"column":2},"end":{"line":39,"column":7}},"loc":{"start":{"line":48,"column":3},"end":{"line":73,"column":3}}},"3":{"name":"(anonymous_5)","decl":{"start":{"line":76,"column":2},"end":{"line":76,"column":7}},"loc":{"start":{"line":76,"column":71},"end":{"line":85,"column":3}}},"4":{"name":"(anonymous_6)","decl":{"start":{"line":87,"column":2},"end":{"line":87,"column":7}},"loc":{"start":{"line":87,"column":32},"end":{"line":94,"column":3}}},"5":{"name":"(anonymous_7)","decl":{"start":{"line":96,"column":2},"end":{"line":96,"column":7}},"loc":{"start":{"line":96,"column":101},"end":{"line":104,"column":3}}},"6":{"name":"(anonymous_8)","decl":{"start":{"line":106,"column":2},"end":{"line":106,"column":7}},"loc":{"start":{"line":106,"column":101},"end":{"line":114,"column":3}}},"7":{"name":"(anonymous_9)","decl":{"start":{"line":116,"column":2},"end":{"line":116,"column":7}},"loc":{"start":{"line":116,"column":70},"end":{"line":123,"column":3}}}},"branchMap":{"0":{"loc":{"start":{"line":51,"column":4},"end":{"line":51,"column":54}},"type":"if","locations":[{"start":{"line":51,"column":4},"end":{"line":51,"column":54}},{"start":{},"end":{}}]},"1":{"loc":{"start":{"line":52,"column":4},"end":{"line":52,"column":78}},"type":"if","locations":[{"start":{"line":52,"column":4},"end":{"line":52,"column":78}},{"start":{},"end":{}}]},"2":{"loc":{"start":{"line":53,"column":4},"end":{"line":53,"column":54}},"type":"if","locations":[{"start":{"line":53,"column":4},"end":{"line":53,"column":54}},{"start":{},"end":{}}]},"3":{"loc":{"start":{"line":54,"column":4},"end":{"line":54,"column":60}},"type":"if","locations":[{"start":{"line":54,"column":4},"end":{"line":54,"column":60}},{"start":{},"end":{}}]},"4":{"loc":{"start":{"line":56,"column":4},"end":{"line":60,"column":5}},"type":"if","locations":[{"start":{"line":56,"column":4},"end":{"line":60,"column":5}},{"start":{},"end":{}}]},"5":{"loc":{"start":{"line":56,"column":8},"end":{"line":56,"column":44}},"type":"binary-expr","locations":[{"start":{"line":56,"column":8},"end":{"line":56,"column":25}},{"start":{"line":56,"column":29},"end":{"line":56,"column":44}}]},"6":{"loc":{"start":{"line":58,"column":6},"end":{"line":58,"column":69}},"type":"if","locations":[{"start":{"line":58,"column":6},"end":{"line":58,"column":69}},{"start":{},"end":{}}]},"7":{"loc":{"start":{"line":59,"column":6},"end":{"line":59,"column":65}},"type":"if","locations":[{"start":{"line":59,"column":6},"end":{"line":59,"column":65}},{"start":{},"end":{}}]},"8":{"loc":{"start":{"line":66,"column":14},"end":{"line":66,"column":33}},"type":"binary-expr","locations":[{"start":{"line":66,"column":14},"end":{"line":66,"column":27}},{"start":{"line":66,"column":31},"end":{"line":66,"column":33}}]},"9":{"loc":{"start":{"line":67,"column":14},"end":{"line":67,"column":33}},"type":"binary-expr","locations":[{"start":{"line":67,"column":14},"end":{"line":67,"column":28}},{"start":{"line":67,"column":32},"end":{"line":67,"column":33}}]},"10":{"loc":{"start":{"line":17,"column":30},"end":{"line":17,"column":47}},"type":"cond-expr","locations":[{"start":{"line":17,"column":43},"end":{"line":17,"column":47}},{"start":{"line":17,"column":43},"end":{"line":17,"column":47}}]},"11":{"loc":{"start":{"line":17,"column":30},"end":{"line":17,"column":43}},"type":"binary-expr","locations":[{"start":{"line":17,"column":30},"end":{"line":17,"column":47}},{"start":{"line":17,"column":30},"end":{"line":17,"column":43}}]}},"s":{"0":0,"1":0,"2":0,"3":0,"4":0,"5":0,"6":0,"7":0,"8":0,"9":0,"10":0,"11":0,"12":0,"13":0,"14":0,"15":0,"16":0,"17":0,"18":0,"19":0,"20":0,"21":0,"22":0,"23":0,"24":0,"25":0,"26":0,"27":0,"28":0,"29":0,"30":0},"f":{"0":0,"1":0,"2":0,"3":0,"4":0,"5":0,"6":0,"7":0},"b":{"0":[0,0],"1":[0,0],"2":[0,0],"3":[0,0],"4":[0,0],"5":[0,0],"6":[0,0],"7":[0,0],"8":[0,0],"9":[0,0],"10":[0,0],"11":[0,0]}}
,"/Users/earn/Projects/rawinlab/pingtome/apps/api/src/auth/api-key.guard.ts": {"path":"/Users/earn/Projects/rawinlab/pingtome/apps/api/src/auth/api-key.guard.ts","statementMap":{"0":{"start":{"line":1,"column":0},"end":{"line":1,"column":98}},"1":{"start":{"line":2,"column":0},"end":{"line":2,"column":62}},"2":{"start":{"line":5,"column":7},"end":{"line":33,"column":null}},"3":{"start":{"line":6,"column":22},"end":{"line":6,"column":37}},"4":{"start":{"line":9,"column":20},"end":{"line":9,"column":55}},"5":{"start":{"line":10,"column":19},"end":{"line":10,"column":47}},"6":{"start":{"line":12,"column":4},"end":{"line":20,"column":5}},"7":{"start":{"line":13,"column":6},"end":{"line":13,"column":18}},"8":{"start":{"line":22,"column":21},"end":{"line":22,"column":68}},"9":{"start":{"line":23,"column":4},"end":{"line":25,"column":5}},"10":{"start":{"line":24,"column":6},"end":{"line":24,"column":57}},"11":{"start":{"line":28,"column":4},"end":{"line":28,"column":49}},"12":{"start":{"line":29,"column":4},"end":{"line":29,"column":53}},"13":{"start":{"line":31,"column":4},"end":{"line":31,"column":16}},"14":{"start":{"line":5,"column":13},"end":{"line":5,"column":24}},"15":{"start":{"line":5,"column":13},"end":{"line":33,"column":null}}},"fnMap":{"0":{"name":"(anonymous_2)","decl":{"start":{"line":6,"column":2},"end":{"line":6,"column":22}},"loc":{"start":{"line":6,"column":50},"end":{"line":6,"column":55}}},"1":{"name":"(anonymous_3)","decl":{"start":{"line":8,"column":2},"end":{"line":8,"column":7}},"loc":{"start":{"line":8,"column":45},"end":{"line":32,"column":3}}}},"branchMap":{"0":{"loc":{"start":{"line":12,"column":4},"end":{"line":20,"column":5}},"type":"if","locations":[{"start":{"line":12,"column":4},"end":{"line":20,"column":5}},{"start":{},"end":{}}]},"1":{"loc":{"start":{"line":23,"column":4},"end":{"line":25,"column":5}},"type":"if","locations":[{"start":{"line":23,"column":4},"end":{"line":25,"column":5}},{"start":{},"end":{}}]},"2":{"loc":{"start":{"line":6,"column":37},"end":{"line":6,"column":54}},"type":"cond-expr","locations":[{"start":{"line":6,"column":50},"end":{"line":6,"column":54}},{"start":{"line":6,"column":50},"end":{"line":6,"column":54}}]},"3":{"loc":{"start":{"line":6,"column":37},"end":{"line":6,"column":50}},"type":"binary-expr","locations":[{"start":{"line":6,"column":37},"end":{"line":6,"column":54}},{"start":{"line":6,"column":37},"end":{"line":6,"column":50}}]}},"s":{"0":0,"1":0,"2":0,"3":0,"4":0,"5":0,"6":0,"7":0,"8":0,"9":0,"10":0,"11":0,"12":0,"13":0,"14":0,"15":0},"f":{"0":0,"1":0},"b":{"0":[0,0],"1":[0,0],"2":[0,0],"3":[0,0]}}
,"/Users/earn/Projects/rawinlab/pingtome/apps/api/src/auth/auth.controller.ts": {"path":"/Users/earn/Projects/rawinlab/pingtome/apps/api/src/auth/auth.controller.ts","statementMap":{"0":{"start":{"line":1,"column":0},"end":{"line":1,"column":null}},"1":{"start":{"line":10,"column":0},"end":{"line":10,"column":45}},"2":{"start":{"line":11,"column":0},"end":{"line":11,"column":45}},"3":{"start":{"line":12,"column":0},"end":{"line":12,"column":35}},"4":{"start":{"line":15,"column":7},"end":{"line":113,"column":null}},"5":{"start":{"line":16,"column":31},"end":{"line":16,"column":44}},"6":{"start":{"line":20,"column":4},"end":{"line":20,"column":75}},"7":{"start":{"line":26,"column":42},"end":{"line":26,"column":80}},"8":{"start":{"line":27,"column":4},"end":{"line":33,"column":7}},"9":{"start":{"line":34,"column":4},"end":{"line":34,"column":43}},"10":{"start":{"line":40,"column":28},"end":{"line":40,"column":68}},"11":{"start":{"line":42,"column":4},"end":{"line":42,"column":27}},"12":{"start":{"line":48,"column":4},"end":{"line":48,"column":20}},"13":{"start":{"line":53,"column":4},"end":{"line":53,"column":37}},"14":{"start":{"line":54,"column":4},"end":{"line":54,"column":50}},"15":{"start":{"line":64,"column":42},"end":{"line":64,"column":80}},"16":{"start":{"line":65,"column":4},"end":{"line":71,"column":7}},"17":{"start":{"line":78,"column":4},"end":{"line":78,"column":79}},"18":{"start":{"line":88,"column":42},"end":{"line":88,"column":80}},"19":{"start":{"line":89,"column":4},"end":{"line":95,"column":7}},"20":{"start":{"line":96,"column":4},"end":{"line":96,"column":79}},"21":{"start":{"line":101,"column":4},"end":{"line":101,"column":52}},"22":{"start":{"line":106,"column":4},"end":{"line":106,"column":55}},"23":{"start":{"line":111,"column":4},"end":{"line":111,"column":69}},"24":{"start":{"line":15,"column":13},"end":{"line":15,"column":27}},"25":{"start":{"line":19,"column":8},"end":{"line":21,"column":null}},"26":{"start":{"line":25,"column":8},"end":{"line":35,"column":null}},"27":{"start":{"line":39,"column":8},"end":{"line":43,"column":null}},"28":{"start":{"line":47,"column":2},"end":{"line":49,"column":null}},"29":{"start":{"line":52,"column":8},"end":{"line":55,"column":null}},"30":{"start":{"line":59,"column":8},"end":{"line":59,"column":null}},"31":{"start":{"line":63,"column":8},"end":{"line":79,"column":null}},"32":{"start":{"line":83,"column":8},"end":{"line":83,"column":null}},"33":{"start":{"line":87,"column":8},"end":{"line":97,"column":null}},"34":{"start":{"line":100,"column":8},"end":{"line":102,"column":null}},"35":{"start":{"line":105,"column":8},"end":{"line":107,"column":null}},"36":{"start":{"line":110,"column":8},"end":{"line":112,"column":null}},"37":{"start":{"line":15,"column":13},"end":{"line":113,"column":null}}},"fnMap":{"0":{"name":"(anonymous_4)","decl":{"start":{"line":16,"column":2},"end":{"line":16,"column":31}},"loc":{"start":{"line":16,"column":55},"end":{"line":16,"column":60}}},"1":{"name":"(anonymous_5)","decl":{"start":{"line":19,"column":8},"end":{"line":19,"column":16}},"loc":{"start":{"line":19,"column":82},"end":{"line":21,"column":3}}},"2":{"name":"(anonymous_6)","decl":{"start":{"line":25,"column":8},"end":{"line":25,"column":13}},"loc":{"start":{"line":25,"column":67},"end":{"line":35,"column":3}}},"3":{"name":"(anonymous_7)","decl":{"start":{"line":39,"column":8},"end":{"line":39,"column":15}},"loc":{"start":{"line":39,"column":69},"end":{"line":43,"column":3}}},"4":{"name":"(anonymous_8)","decl":{"start":{"line":47,"column":2},"end":{"line":47,"column":12}},"loc":{"start":{"line":47,"column":23},"end":{"line":49,"column":3}}},"5":{"name":"(anonymous_9)","decl":{"start":{"line":52,"column":8},"end":{"line":52,"column":14}},"loc":{"start":{"line":52,"column":56},"end":{"line":55,"column":3}}},"6":{"name":"(anonymous_10)","decl":{"start":{"line":59,"column":8},"end":{"line":59,"column":18}},"loc":{"start":{"line":59,"column":29},"end":{"line":59,"column":34}}},"7":{"name":"(anonymous_11)","decl":{"start":{"line":63,"column":8},"end":{"line":63,"column":26}},"loc":{"start":{"line":63,"column":59},"end":{"line":79,"column":3}}},"8":{"name":"(anonymous_12)","decl":{"start":{"line":83,"column":8},"end":{"line":83,"column":18}},"loc":{"start":{"line":83,"column":29},"end":{"line":83,"column":34}}},"9":{"name":"(anonymous_13)","decl":{"start":{"line":87,"column":8},"end":{"line":87,"column":26}},"loc":{"start":{"line":87,"column":59},"end":{"line":97,"column":3}}},"10":{"name":"(anonymous_14)","decl":{"start":{"line":100,"column":8},"end":{"line":100,"column":19}},"loc":{"start":{"line":100,"column":51},"end":{"line":102,"column":3}}},"11":{"name":"(anonymous_15)","decl":{"start":{"line":105,"column":8},"end":{"line":105,"column":22}},"loc":{"start":{"line":105,"column":54},"end":{"line":107,"column":3}}},"12":{"name":"(anonymous_16)","decl":{"start":{"line":110,"column":8},"end":{"line":110,"column":21}},"loc":{"start":{"line":110,"column":71},"end":{"line":112,"column":3}}}},"branchMap":{"0":{"loc":{"start":{"line":25,"column":59},"end":{"line":25,"column":null}},"type":"cond-expr","locations":[{"start":{"line":25,"column":67},"end":{"line":25,"column":null}},{"start":{"line":25,"column":67},"end":{"line":25,"column":null}}]},"1":{"loc":{"start":{"line":25,"column":59},"end":{"line":25,"column":67}},"type":"binary-expr","locations":[{"start":{"line":25,"column":59},"end":{"line":25,"column":null}},{"start":{"line":25,"column":59},"end":{"line":25,"column":67}}]},"2":{"loc":{"start":{"line":39,"column":61},"end":{"line":39,"column":null}},"type":"cond-expr","locations":[{"start":{"line":39,"column":69},"end":{"line":39,"column":null}},{"start":{"line":39,"column":69},"end":{"line":39,"column":null}}]},"3":{"loc":{"start":{"line":39,"column":61},"end":{"line":39,"column":69}},"type":"binary-expr","locations":[{"start":{"line":39,"column":61},"end":{"line":39,"column":null}},{"start":{"line":39,"column":61},"end":{"line":39,"column":69}}]},"4":{"loc":{"start":{"line":52,"column":48},"end":{"line":52,"column":null}},"type":"cond-expr","locations":[{"start":{"line":52,"column":56},"end":{"line":52,"column":null}},{"start":{"line":52,"column":56},"end":{"line":52,"column":null}}]},"5":{"loc":{"start":{"line":52,"column":48},"end":{"line":52,"column":56}},"type":"binary-expr","locations":[{"start":{"line":52,"column":48},"end":{"line":52,"column":null}},{"start":{"line":52,"column":48},"end":{"line":52,"column":56}}]},"6":{"loc":{"start":{"line":63,"column":51},"end":{"line":63,"column":null}},"type":"cond-expr","locations":[{"start":{"line":63,"column":59},"end":{"line":63,"column":null}},{"start":{"line":63,"column":59},"end":{"line":63,"column":null}}]},"7":{"loc":{"start":{"line":63,"column":51},"end":{"line":63,"column":59}},"type":"binary-expr","locations":[{"start":{"line":63,"column":51},"end":{"line":63,"column":null}},{"start":{"line":63,"column":51},"end":{"line":63,"column":59}}]},"8":{"loc":{"start":{"line":87,"column":51},"end":{"line":87,"column":null}},"type":"cond-expr","locations":[{"start":{"line":87,"column":59},"end":{"line":87,"column":null}},{"start":{"line":87,"column":59},"end":{"line":87,"column":null}}]},"9":{"loc":{"start":{"line":87,"column":51},"end":{"line":87,"column":59}},"type":"binary-expr","locations":[{"start":{"line":87,"column":51},"end":{"line":87,"column":null}},{"start":{"line":87,"column":51},"end":{"line":87,"column":59}}]},"10":{"loc":{"start":{"line":16,"column":44},"end":{"line":16,"column":59}},"type":"cond-expr","locations":[{"start":{"line":16,"column":55},"end":{"line":16,"column":59}},{"start":{"line":16,"column":55},"end":{"line":16,"column":59}}]},"11":{"loc":{"start":{"line":16,"column":44},"end":{"line":16,"column":55}},"type":"binary-expr","locations":[{"start":{"line":16,"column":44},"end":{"line":16,"column":59}},{"start":{"line":16,"column":44},"end":{"line":16,"column":55}}]}},"s":{"0":0,"1":0,"2":0,"3":0,"4":0,"5":0,"6":0,"7":0,"8":0,"9":0,"10":0,"11":0,"12":0,"13":0,"14":0,"15":0,"16":0,"17":0,"18":0,"19":0,"20":0,"21":0,"22":0,"23":0,"24":0,"25":0,"26":0,"27":0,"28":0,"29":0,"30":0,"31":0,"32":0,"33":0,"34":0,"35":0,"36":0,"37":0},"f":{"0":0,"1":0,"2":0,"3":0,"4":0,"5":0,"6":0,"7":0,"8":0,"9":0,"10":0,"11":0,"12":0},"b":{"0":[0,0],"1":[0,0],"2":[0,0],"3":[0,0],"4":[0,0],"5":[0,0],"6":[0,0],"7":[0,0],"8":[0,0],"9":[0,0],"10":[0,0],"11":[0,0]}}
,"/Users/earn/Projects/rawinlab/pingtome/apps/api/src/auth/auth.guard.ts": {"path":"/Users/earn/Projects/rawinlab/pingtome/apps/api/src/auth/auth.guard.ts","statementMap":{"0":{"start":{"line":1,"column":0},"end":{"line":1,"column":null}},"1":{"start":{"line":8,"column":0},"end":{"line":8,"column":36}},"2":{"start":{"line":11,"column":7},"end":{"line":35,"column":null}},"3":{"start":{"line":13,"column":20},"end":{"line":13,"column":64}},"4":{"start":{"line":14,"column":18},"end":{"line":14,"column":54}},"5":{"start":{"line":15,"column":4},"end":{"line":17,"column":5}},"6":{"start":{"line":16,"column":6},"end":{"line":16,"column":40}},"7":{"start":{"line":18,"column":4},"end":{"line":27,"column":5}},"8":{"start":{"line":19,"column":21},"end":{"line":19,"column":43}},"9":{"start":{"line":20,"column":6},"end":{"line":22,"column":7}},"10":{"start":{"line":21,"column":8},"end":{"line":21,"column":53}},"11":{"start":{"line":23,"column":22},"end":{"line":23,"column":65}},"12":{"start":{"line":24,"column":6},"end":{"line":24,"column":66}},"13":{"start":{"line":26,"column":6},"end":{"line":26,"column":40}},"14":{"start":{"line":28,"column":4},"end":{"line":28,"column":16}},"15":{"start":{"line":32,"column":26},"end":{"line":32,"column":73}},"16":{"start":{"line":33,"column":4},"end":{"line":33,"column":49}},"17":{"start":{"line":11,"column":13},"end":{"line":11,"column":22}},"18":{"start":{"line":11,"column":13},"end":{"line":35,"column":null}}},"fnMap":{"0":{"name":"(anonymous_10)","decl":{"start":{"line":12,"column":2},"end":{"line":12,"column":7}},"loc":{"start":{"line":12,"column":45},"end":{"line":29,"column":3}}},"1":{"name":"(anonymous_11)","decl":{"start":{"line":31,"column":10},"end":{"line":31,"column":32}},"loc":{"start":{"line":31,"column":49},"end":{"line":34,"column":3}}}},"branchMap":{"0":{"loc":{"start":{"line":15,"column":4},"end":{"line":17,"column":5}},"type":"if","locations":[{"start":{"line":15,"column":4},"end":{"line":17,"column":5}},{"start":{},"end":{}}]},"1":{"loc":{"start":{"line":20,"column":6},"end":{"line":22,"column":7}},"type":"if","locations":[{"start":{"line":20,"column":6},"end":{"line":22,"column":7}},{"start":{},"end":{}}]},"2":{"loc":{"start":{"line":32,"column":26},"end":{"line":32,"column":73}},"type":"binary-expr","locations":[{"start":{"line":32,"column":26},"end":{"line":32,"column":67}},{"start":{"line":32,"column":71},"end":{"line":32,"column":73}}]},"3":{"loc":{"start":{"line":33,"column":11},"end":{"line":33,"column":48}},"type":"cond-expr","locations":[{"start":{"line":33,"column":31},"end":{"line":33,"column":36}},{"start":{"line":33,"column":39},"end":{"line":33,"column":48}}]}},"s":{"0":0,"1":0,"2":0,"3":0,"4":0,"5":0,"6":0,"7":0,"8":0,"9":0,"10":0,"11":0,"12":0,"13":0,"14":0,"15":0,"16":0,"17":0,"18":0},"f":{"0":0,"1":0},"b":{"0":[0,0],"1":[0,0],"2":[0,0],"3":[0,0]}}
,"/Users/earn/Projects/rawinlab/pingtome/apps/api/src/auth/auth.module.ts": {"path":"/Users/earn/Projects/rawinlab/pingtome/apps/api/src/auth/auth.module.ts","statementMap":{"0":{"start":{"line":1,"column":0},"end":{"line":1,"column":40}},"1":{"start":{"line":2,"column":0},"end":{"line":2,"column":51}},"2":{"start":{"line":3,"column":0},"end":{"line":3,"column":45}},"3":{"start":{"line":4,"column":0},"end":{"line":4,"column":45}},"4":{"start":{"line":5,"column":0},"end":{"line":5,"column":50}},"5":{"start":{"line":6,"column":0},"end":{"line":6,"column":40}},"6":{"start":{"line":7,"column":0},"end":{"line":7,"column":55}},"7":{"start":{"line":8,"column":0},"end":{"line":8,"column":60}},"8":{"start":{"line":9,"column":0},"end":{"line":9,"column":62}},"9":{"start":{"line":10,"column":0},"end":{"line":10,"column":62}},"10":{"start":{"line":11,"column":0},"end":{"line":11,"column":71}},"11":{"start":{"line":12,"column":0},"end":{"line":12,"column":61}},"12":{"start":{"line":13,"column":0},"end":{"line":13,"column":49}},"13":{"start":{"line":15,"column":0},"end":{"line":15,"column":50}},"14":{"start":{"line":17,"column":0},"end":{"line":17,"column":60}},"15":{"start":{"line":57,"column":7},"end":{"line":57,"column":null}},"16":{"start":{"line":57,"column":13},"end":{"line":57,"column":23}},"17":{"start":{"line":57,"column":13},"end":{"line":57,"column":null}},"18":{"start":{"line":25,"column":59},"end":{"line":28,"column":8}}},"fnMap":{"0":{"name":"(anonymous_1)","decl":{"start":{"line":25,"column":18},"end":{"line":25,"column":23}},"loc":{"start":{"line":25,"column":59},"end":{"line":28,"column":8}}}},"branchMap":{},"s":{"0":0,"1":0,"2":0,"3":0,"4":0,"5":0,"6":0,"7":0,"8":0,"9":0,"10":0,"11":0,"12":0,"13":0,"14":0,"15":0,"16":0,"17":0,"18":0},"f":{"0":0},"b":{}}
,"/Users/earn/Projects/rawinlab/pingtome/apps/api/src/auth/auth.service.ts": {"path":"/Users/earn/Projects/rawinlab/pingtome/apps/api/src/auth/auth.service.ts","statementMap":{"0":{"start":{"line":1,"column":0},"end":{"line":1,"column":65}},"1":{"start":{"line":2,"column":0},"end":{"line":2,"column":57}},"2":{"start":{"line":3,"column":0},"end":{"line":3,"column":41}},"3":{"start":{"line":4,"column":0},"end":{"line":4,"column":33}},"4":{"start":{"line":5,"column":0},"end":{"line":5,"column":51}},"5":{"start":{"line":6,"column":0},"end":{"line":6,"column":36}},"6":{"start":{"line":9,"column":7},"end":{"line":213,"column":null}},"7":{"start":{"line":11,"column":12},"end":{"line":11,"column":20}},"8":{"start":{"line":12,"column":12},"end":{"line":12,"column":24}},"9":{"start":{"line":13,"column":12},"end":{"line":13,"column":25}},"10":{"start":{"line":17,"column":25},"end":{"line":19,"column":6}},"11":{"start":{"line":21,"column":4},"end":{"line":23,"column":5}},"12":{"start":{"line":22,"column":6},"end":{"line":22,"column":59}},"13":{"start":{"line":25,"column":27},"end":{"line":25,"column":81}},"14":{"start":{"line":27,"column":17},"end":{"line":33,"column":6}},"15":{"start":{"line":36,"column":4},"end":{"line":47,"column":7}},"16":{"start":{"line":50,"column":18},"end":{"line":50,"column":30}},"17":{"start":{"line":51,"column":20},"end":{"line":51,"column":62}},"18":{"start":{"line":53,"column":4},"end":{"line":59,"column":7}},"19":{"start":{"line":62,"column":4},"end":{"line":62,"column":63}},"20":{"start":{"line":64,"column":4},"end":{"line":68,"column":6}},"21":{"start":{"line":72,"column":30},"end":{"line":74,"column":6}},"22":{"start":{"line":76,"column":4},"end":{"line":78,"column":5}},"23":{"start":{"line":77,"column":6},"end":{"line":77,"column":64}},"24":{"start":{"line":80,"column":4},"end":{"line":83,"column":7}},"25":{"start":{"line":85,"column":4},"end":{"line":85,"column":69}},"26":{"start":{"line":87,"column":4},"end":{"line":87,"column":54}},"27":{"start":{"line":91,"column":17},"end":{"line":91,"column":72}},"28":{"start":{"line":92,"column":4},"end":{"line":92,"column":22}},"29":{"start":{"line":92,"column":15},"end":{"line":92,"column":22}},"30":{"start":{"line":94,"column":18},"end":{"line":94,"column":30}},"31":{"start":{"line":95,"column":20},"end":{"line":95,"column":61}},"32":{"start":{"line":97,"column":4},"end":{"line":103,"column":7}},"33":{"start":{"line":105,"column":4},"end":{"line":105,"column":64}},"34":{"start":{"line":109,"column":30},"end":{"line":111,"column":6}},"35":{"start":{"line":113,"column":4},"end":{"line":115,"column":5}},"36":{"start":{"line":114,"column":6},"end":{"line":114,"column":64}},"37":{"start":{"line":117,"column":27},"end":{"line":117,"column":61}},"38":{"start":{"line":119,"column":4},"end":{"line":122,"column":7}},"39":{"start":{"line":124,"column":4},"end":{"line":124,"column":69}},"40":{"start":{"line":126,"column":4},"end":{"line":126,"column":54}},"41":{"start":{"line":130,"column":17},"end":{"line":130,"column":72}},"42":{"start":{"line":131,"column":4},"end":{"line":134,"column":5}},"43":{"start":{"line":132,"column":38},"end":{"line":132,"column":42}},"44":{"start":{"line":133,"column":6},"end":{"line":133,"column":20}},"45":{"start":{"line":135,"column":4},"end":{"line":135,"column":16}},"46":{"start":{"line":139,"column":20},"end":{"line":139,"column":72}},"47":{"start":{"line":140,"column":4},"end":{"line":143,"column":6}},"48":{"start":{"line":147,"column":20},"end":{"line":147,"column":72}},"49":{"start":{"line":148,"column":4},"end":{"line":150,"column":6}},"50":{"start":{"line":154,"column":48},"end":{"line":154,"column":55}},"51":{"start":{"line":155,"column":18},"end":{"line":155,"column":33}},"52":{"start":{"line":156,"column":22},"end":{"line":156,"column":37}},"53":{"start":{"line":158,"column":15},"end":{"line":160,"column":6}},"54":{"start":{"line":162,"column":4},"end":{"line":208,"column":5}},"55":{"start":{"line":163,"column":6},"end":{"line":177,"column":9}},"56":{"start":{"line":180,"column":6},"end":{"line":191,"column":9}},"57":{"start":{"line":194,"column":22},"end":{"line":196,"column":8}},"58":{"start":{"line":198,"column":6},"end":{"line":207,"column":7}},"59":{"start":{"line":199,"column":8},"end":{"line":206,"column":11}},"60":{"start":{"line":210,"column":36},"end":{"line":210,"column":40}},"61":{"start":{"line":211,"column":4},"end":{"line":211,"column":18}},"62":{"start":{"line":9,"column":13},"end":{"line":9,"column":24}},"63":{"start":{"line":9,"column":13},"end":{"line":213,"column":null}}},"fnMap":{"0":{"name":"(anonymous_11)","decl":{"start":{"line":10,"column":2},"end":{"line":10,"column":null}},"loc":{"start":{"line":13,"column":36},"end":{"line":14,"column":7}}},"1":{"name":"(anonymous_12)","decl":{"start":{"line":16,"column":2},"end":{"line":16,"column":7}},"loc":{"start":{"line":16,"column":64},"end":{"line":69,"column":3}}},"2":{"name":"(anonymous_13)","decl":{"start":{"line":71,"column":2},"end":{"line":71,"column":7}},"loc":{"start":{"line":71,"column":33},"end":{"line":88,"column":3}}},"3":{"name":"(anonymous_14)","decl":{"start":{"line":90,"column":2},"end":{"line":90,"column":7}},"loc":{"start":{"line":90,"column":36},"end":{"line":106,"column":3}}},"4":{"name":"(anonymous_15)","decl":{"start":{"line":108,"column":2},"end":{"line":108,"column":7}},"loc":{"start":{"line":108,"column":56},"end":{"line":127,"column":3}}},"5":{"name":"(anonymous_16)","decl":{"start":{"line":129,"column":2},"end":{"line":129,"column":7}},"loc":{"start":{"line":129,"column":48},"end":{"line":136,"column":3}}},"6":{"name":"(anonymous_17)","decl":{"start":{"line":138,"column":2},"end":{"line":138,"column":7}},"loc":{"start":{"line":138,"column":23},"end":{"line":144,"column":3}}},"7":{"name":"(anonymous_18)","decl":{"start":{"line":146,"column":2},"end":{"line":146,"column":7}},"loc":{"start":{"line":146,"column":25},"end":{"line":151,"column":3}}},"8":{"name":"(anonymous_19)","decl":{"start":{"line":153,"column":2},"end":{"line":153,"column":7}},"loc":{"start":{"line":153,"column":69},"end":{"line":212,"column":3}}}},"branchMap":{"0":{"loc":{"start":{"line":21,"column":4},"end":{"line":23,"column":5}},"type":"if","locations":[{"start":{"line":21,"column":4},"end":{"line":23,"column":5}},{"start":{},"end":{}}]},"1":{"loc":{"start":{"line":25,"column":27},"end":{"line":25,"column":81}},"type":"cond-expr","locations":[{"start":{"line":25,"column":38},"end":{"line":25,"column":69}},{"start":{"line":25,"column":72},"end":{"line":25,"column":81}}]},"2":{"loc":{"start":{"line":38,"column":17},"end":{"line":38,"column":30}},"type":"binary-expr","locations":[{"start":{"line":38,"column":17},"end":{"line":38,"column":21}},{"start":{"line":38,"column":25},"end":{"line":38,"column":30}}]},"3":{"loc":{"start":{"line":76,"column":4},"end":{"line":78,"column":5}},"type":"if","locations":[{"start":{"line":76,"column":4},"end":{"line":78,"column":5}},{"start":{},"end":{}}]},"4":{"loc":{"start":{"line":76,"column":8},"end":{"line":76,"column":68}},"type":"binary-expr","locations":[{"start":{"line":76,"column":8},"end":{"line":76,"column":26}},{"start":{"line":76,"column":30},"end":{"line":76,"column":68}}]},"5":{"loc":{"start":{"line":92,"column":4},"end":{"line":92,"column":22}},"type":"if","locations":[{"start":{"line":92,"column":4},"end":{"line":92,"column":22}},{"start":{},"end":{}}]},"6":{"loc":{"start":{"line":113,"column":4},"end":{"line":115,"column":5}},"type":"if","locations":[{"start":{"line":113,"column":4},"end":{"line":115,"column":5}},{"start":{},"end":{}}]},"7":{"loc":{"start":{"line":113,"column":8},"end":{"line":113,"column":68}},"type":"binary-expr","locations":[{"start":{"line":113,"column":8},"end":{"line":113,"column":26}},{"start":{"line":113,"column":30},"end":{"line":113,"column":68}}]},"8":{"loc":{"start":{"line":131,"column":4},"end":{"line":134,"column":5}},"type":"if","locations":[{"start":{"line":131,"column":4},"end":{"line":134,"column":5}},{"start":{},"end":{}}]},"9":{"loc":{"start":{"line":131,"column":8},"end":{"line":131,"column":76}},"type":"binary-expr","locations":[{"start":{"line":131,"column":8},"end":{"line":131,"column":12}},{"start":{"line":131,"column":16},"end":{"line":131,"column":29}},{"start":{"line":131,"column":34},"end":{"line":131,"column":75}}]},"10":{"loc":{"start":{"line":162,"column":4},"end":{"line":208,"column":5}},"type":"if","locations":[{"start":{"line":162,"column":4},"end":{"line":208,"column":5}},{"start":{"line":192,"column":11},"end":{"line":208,"column":5}}]},"11":{"loc":{"start":{"line":182,"column":19},"end":{"line":182,"column":39}},"type":"binary-expr","locations":[{"start":{"line":182,"column":19},"end":{"line":182,"column":30}},{"start":{"line":182,"column":34},"end":{"line":182,"column":39}}]},"12":{"loc":{"start":{"line":198,"column":6},"end":{"line":207,"column":7}},"type":"if","locations":[{"start":{"line":198,"column":6},"end":{"line":207,"column":7}},{"start":{},"end":{}}]},"13":{"loc":{"start":{"line":11,"column":20},"end":{"line":11,"column":null}},"type":"cond-expr","locations":[{"start":{"line":11,"column":33},"end":{"line":11,"column":null}},{"start":{"line":11,"column":33},"end":{"line":11,"column":null}}]},"14":{"loc":{"start":{"line":11,"column":20},"end":{"line":11,"column":33}},"type":"binary-expr","locations":[{"start":{"line":11,"column":20},"end":{"line":11,"column":null}},{"start":{"line":11,"column":20},"end":{"line":11,"column":33}}]},"15":{"loc":{"start":{"line":11,"column":33},"end":{"line":12,"column":null}},"type":"cond-expr","locations":[{"start":{"line":12,"column":34},"end":{"line":12,"column":null}},{"start":{"line":12,"column":34},"end":{"line":12,"column":null}}]},"16":{"loc":{"start":{"line":11,"column":33},"end":{"line":12,"column":34}},"type":"binary-expr","locations":[{"start":{"line":11,"column":33},"end":{"line":12,"column":null}},{"start":{"line":12,"column":24},"end":{"line":12,"column":34}}]},"17":{"loc":{"start":{"line":12,"column":34},"end":{"line":13,"column":null}},"type":"cond-expr","locations":[{"start":{"line":13,"column":36},"end":{"line":13,"column":null}},{"start":{"line":13,"column":36},"end":{"line":13,"column":null}}]},"18":{"loc":{"start":{"line":12,"column":34},"end":{"line":13,"column":36}},"type":"binary-expr","locations":[{"start":{"line":12,"column":34},"end":{"line":13,"column":null}},{"start":{"line":13,"column":25},"end":{"line":13,"column":36}}]}},"s":{"0":0,"1":0,"2":0,"3":0,"4":0,"5":0,"6":0,"7":0,"8":0,"9":0,"10":0,"11":0,"12":0,"13":0,"14":0,"15":0,"16":0,"17":0,"18":0,"19":0,"20":0,"21":0,"22":0,"23":0,"24":0,"25":0,"26":0,"27":0,"28":0,"29":0,"30":0,"31":0,"32":0,"33":0,"34":0,"35":0,"36":0,"37":0,"38":0,"39":0,"40":0,"41":0,"42":0,"43":0,"44":0,"45":0,"46":0,"47":0,"48":0,"49":0,"50":0,"51":0,"52":0,"53":0,"54":0,"55":0,"56":0,"57":0,"58":0,"59":0,"60":0,"61":0,"62":0,"63":0},"f":{"0":0,"1":0,"2":0,"3":0,"4":0,"5":0,"6":0,"7":0,"8":0},"b":{"0":[0,0],"1":[0,0],"2":[0,0],"3":[0,0],"4":[0,0],"5":[0,0],"6":[0,0],"7":[0,0],"8":[0,0],"9":[0,0,0],"10":[0,0],"11":[0,0],"12":[0,0],"13":[0,0],"14":[0,0],"15":[0,0],"16":[0,0],"17":[0,0],"18":[0,0]}}
,"/Users/earn/Projects/rawinlab/pingtome/apps/api/src/auth/jwt.strategy.ts": {"path":"/Users/earn/Projects/rawinlab/pingtome/apps/api/src/auth/jwt.strategy.ts","statementMap":{"0":{"start":{"line":1,"column":0},"end":{"line":1,"column":52}},"1":{"start":{"line":2,"column":0},"end":{"line":2,"column":52}},"2":{"start":{"line":3,"column":0},"end":{"line":3,"column":44}},"3":{"start":{"line":4,"column":0},"end":{"line":4,"column":47}},"4":{"start":{"line":8,"column":7},"end":{"line":20,"column":null}},"5":{"start":{"line":10,"column":4},"end":{"line":14,"column":7}},"6":{"start":{"line":18,"column":4},"end":{"line":18,"column":73}},"7":{"start":{"line":8,"column":13},"end":{"line":8,"column":24}},"8":{"start":{"line":8,"column":13},"end":{"line":20,"column":null}}},"fnMap":{"0":{"name":"(anonymous_2)","decl":{"start":{"line":9,"column":2},"end":{"line":9,"column":14}},"loc":{"start":{"line":9,"column":42},"end":{"line":15,"column":3}}},"1":{"name":"(anonymous_3)","decl":{"start":{"line":17,"column":2},"end":{"line":17,"column":7}},"loc":{"start":{"line":17,"column":36},"end":{"line":19,"column":3}}}},"branchMap":{"0":{"loc":{"start":{"line":9,"column":29},"end":{"line":9,"column":null}},"type":"cond-expr","locations":[{"start":{"line":9,"column":42},"end":{"line":9,"column":null}},{"start":{"line":9,"column":42},"end":{"line":9,"column":null}}]},"1":{"loc":{"start":{"line":9,"column":29},"end":{"line":9,"column":42}},"type":"binary-expr","locations":[{"start":{"line":9,"column":29},"end":{"line":9,"column":null}},{"start":{"line":9,"column":29},"end":{"line":9,"column":42}}]}},"s":{"0":0,"1":0,"2":0,"3":0,"4":0,"5":0,"6":0,"7":0,"8":0},"f":{"0":0,"1":0},"b":{"0":[0,0],"1":[0,0]}}
,"/Users/earn/Projects/rawinlab/pingtome/apps/api/src/auth/roles.decorator.ts": {"path":"/Users/earn/Projects/rawinlab/pingtome/apps/api/src/auth/roles.decorator.ts","statementMap":{"0":{"start":{"line":1,"column":0},"end":{"line":1,"column":45}},"1":{"start":{"line":4,"column":21},"end":{"line":4,"column":76}},"2":{"start":{"line":4,"column":49},"end":{"line":4,"column":76}},"3":{"start":{"line":4,"column":13},"end":{"line":4,"column":21}}},"fnMap":{"0":{"name":"(anonymous_0)","decl":{"start":{"line":4,"column":21},"end":{"line":4,"column":22}},"loc":{"start":{"line":4,"column":49},"end":{"line":4,"column":76}}}},"branchMap":{},"s":{"0":0,"1":0,"2":0,"3":0},"f":{"0":0},"b":{}}
,"/Users/earn/Projects/rawinlab/pingtome/apps/api/src/auth/roles.guard.ts": {"path":"/Users/earn/Projects/rawinlab/pingtome/apps/api/src/auth/roles.guard.ts","statementMap":{"0":{"start":{"line":1,"column":0},"end":{"line":1,"column":95}},"1":{"start":{"line":2,"column":0},"end":{"line":2,"column":41}},"2":{"start":{"line":3,"column":0},"end":{"line":3,"column":62}},"3":{"start":{"line":6,"column":7},"end":{"line":45,"column":null}},"4":{"start":{"line":9,"column":22},"end":{"line":9,"column":33}},"5":{"start":{"line":7,"column":10},"end":{"line":7,"column":38}},"6":{"start":{"line":12,"column":26},"end":{"line":12,"column":89}},"7":{"start":{"line":13,"column":4},"end":{"line":15,"column":5}},"8":{"start":{"line":14,"column":6},"end":{"line":14,"column":18}},"9":{"start":{"line":17,"column":20},"end":{"line":17,"column":55}},"10":{"start":{"line":18,"column":17},"end":{"line":18,"column":29}},"11":{"start":{"line":19,"column":18},"end":{"line":19,"column":80}},"12":{"start":{"line":21,"column":4},"end":{"line":23,"column":5}},"13":{"start":{"line":22,"column":6},"end":{"line":22,"column":19}},"14":{"start":{"line":25,"column":23},"end":{"line":32,"column":6}},"15":{"start":{"line":34,"column":4},"end":{"line":36,"column":5}},"16":{"start":{"line":35,"column":6},"end":{"line":35,"column":72}},"17":{"start":{"line":38,"column":20},"end":{"line":38,"column":59}},"18":{"start":{"line":39,"column":4},"end":{"line":41,"column":5}},"19":{"start":{"line":40,"column":6},"end":{"line":40,"column":63}},"20":{"start":{"line":43,"column":4},"end":{"line":43,"column":16}},"21":{"start":{"line":6,"column":13},"end":{"line":6,"column":23}},"22":{"start":{"line":6,"column":13},"end":{"line":45,"column":null}}},"fnMap":{"0":{"name":"(anonymous_2)","decl":{"start":{"line":9,"column":2},"end":{"line":9,"column":22}},"loc":{"start":{"line":9,"column":42},"end":{"line":9,"column":47}}},"1":{"name":"(anonymous_3)","decl":{"start":{"line":11,"column":2},"end":{"line":11,"column":7}},"loc":{"start":{"line":11,"column":45},"end":{"line":44,"column":3}}}},"branchMap":{"0":{"loc":{"start":{"line":13,"column":4},"end":{"line":15,"column":5}},"type":"if","locations":[{"start":{"line":13,"column":4},"end":{"line":15,"column":5}},{"start":{},"end":{}}]},"1":{"l
[...]
"line":295,"column":37}}]},"31":{"loc":{"start":{"line":323,"column":6},"end":{"line":328,"column":7}},"type":"if","locations":[{"start":{"line":323,"column":6},"end":{"line":328,"column":7}},{"start":{"line":326,"column":13},"end":{"line":328,"column":7}}]},"32":{"loc":{"start":{"line":364,"column":6},"end":{"line":364,"column":33}},"type":"default-arg","locations":[{"start":{"line":364,"column":24},"end":{"line":364,"column":33}}]},"33":{"loc":{"start":{"line":365,"column":6},"end":{"line":365,"column":33}},"type":"default-arg","locations":[{"start":{"line":365,"column":24},"end":{"line":365,"column":33}}]},"34":{"loc":{"start":{"line":366,"column":6},"end":{"line":366,"column":16}},"type":"default-arg","locations":[{"start":{"line":366,"column":13},"end":{"line":366,"column":16}}]},"35":{"loc":{"start":{"line":395,"column":6},"end":{"line":398,"column":7}},"type":"if","locations":[{"start":{"line":395,"column":6},"end":{"line":398,"column":7}},{"start":{},"end":{}}]},"36":{"loc":{"start":{"line":417,"column":4},"end":{"line":417,"column":41}},"type":"default-arg","locations":[{"start":{"line":417,"column":36},"end":{"line":417,"column":41}}]},"37":{"loc":{"start":{"line":418,"column":4},"end":{"line":418,"column":22}},"type":"default-arg","locations":[{"start":{"line":418,"column":19},"end":{"line":418,"column":22}}]},"38":{"loc":{"start":{"line":426,"column":4},"end":{"line":428,"column":5}},"type":"if","locations":[{"start":{"line":426,"column":4},"end":{"line":428,"column":5}},{"start":{},"end":{}}]},"39":{"loc":{"start":{"line":450,"column":30},"end":{"line":450,"column":88}},"type":"binary-expr","locations":[{"start":{"line":450,"column":30},"end":{"line":450,"column":61}},{"start":{"line":450,"column":65},"end":{"line":450,"column":88}}]},"40":{"loc":{"start":{"line":454,"column":12},"end":{"line":483,"column":13}},"type":"if","locations":[{"start":{"line":454,"column":12},"end":{"line":483,"column":13}},{"start":{"line":461,"column":19},"end":{"line":483,"column":13}}]},"41":{"loc":{"start":{"line":456,"column":23},"end":{"line":456,"column":59}},"type":"binary-expr","locations":[{"start":{"line":456,"column":23},"end":{"line":456,"column":46}},{"start":{"line":456,"column":50},"end":{"line":456,"column":59}}]},"42":{"loc":{"start":{"line":457,"column":25},"end":{"line":457,"column":61}},"type":"binary-expr","locations":[{"start":{"line":457,"column":25},"end":{"line":457,"column":48}},{"start":{"line":457,"column":52},"end":{"line":457,"column":61}}]},"43":{"loc":{"start":{"line":461,"column":19},"end":{"line":483,"column":13}},"type":"if","locations":[{"start":{"line":461,"column":19},"end":{"line":483,"column":13}},{"start":{"line":470,"column":19},"end":{"line":483,"column":13}}]},"44":{"loc":{"start":{"line":464,"column":33},"end":{"line":464,"column":69}},"type":"binary-expr","locations":[{"start":{"line":464,"column":33},"end":{"line":464,"column":56}},{"start":{"line":464,"column":60},"end":{"line":464,"column":69}}]},"45":{"loc":{"start":{"line":465,"column":33},"end":{"line":465,"column":69}},"type":"binary-expr","locations":[{"start":{"line":465,"column":33},"end":{"line":465,"column":56}},{"start":{"line":465,"column":60},"end":{"line":465,"column":69}}]},"46":{"loc":{"start":{"line":467,"column":23},"end":{"line":467,"column":46}},"type":"binary-expr","locations":[{"start":{"line":467,"column":23},"end":{"line":467,"column":33}},{"start":{"line":467,"column":37},"end":{"line":467,"column":46}}]},"47":{"loc":{"start":{"line":474,"column":33},"end":{"line":474,"column":69}},"type":"binary-expr","locations":[{"start":{"line":474,"column":33},"end":{"line":474,"column":56}},{"start":{"line":474,"column":60},"end":{"line":474,"column":69}}]},"48":{"loc":{"start":{"line":475,"column":33},"end":{"line":475,"column":69}},"type":"binary-expr","locations":[{"start":{"line":475,"column":33},"end":{"line":475,"column":56}},{"start":{"line":475,"column":60},"end":{"line":475,"column":69}}]},"49":{"loc":{"start":{"line":477,"column":24},"end":{"line":477,"column":47}},"type":"binary-expr","locations":[{"start":{"line":477,"column":24},"end":{"line":477,"column":42}},{"start":{"line":477,"column":46},"end":{"line":477,"column":47}}]},"50":{"loc":{"start":{"line":478,"column":34},"end":{"line":478,"column":90}},"type":"binary-expr","locations":[{"start":{"line":478,"column":34},"end":{"line":478,"column":83}},{"start":{"line":478,"column":87},"end":{"line":478,"column":90}}]},"51":{"loc":{"start":{"line":40,"column":37},"end":{"line":40,"column":null}},"type":"cond-expr","locations":[{"start":{"line":40,"column":51},"end":{"line":40,"column":null}},{"start":{"line":40,"column":51},"end":{"line":40,"column":null}}]},"52":{"loc":{"start":{"line":40,"column":37},"end":{"line":40,"column":51}},"type":"binary-expr","locations":[{"start":{"line":40,"column":37},"end":{"line":40,"column":null}},{"start":{"line":40,"column":37},"end":{"line":40,"column":51}}]},"53":{"loc":{"start":{"line":40,"column":51},"end":{"line":41,"column":null}},"type":"cond-expr","locations":[{"start":{"line":41,"column":42},"end":{"line":41,"column":null}},{"start":{"line":41,"column":42},"end":{"line":41,"column":null}}]},"54":{"loc":{"start":{"line":40,"column":51},"end":{"line":41,"column":42}},"type":"binary-expr","locations":[{"start":{"line":40,"column":51},"end":{"line":41,"column":null}},{"start":{"line":41,"column":29},"end":{"line":41,"column":42}}]}},"s":{"0":0,"1":0,"2":0,"3":0,"4":0,"5":0,"6":0,"7":0,"8":0,"9":0,"10":0,"11":0,"12":0,"13":0,"14":0,"15":0,"16":0,"17":0,"18":0,"19":0,"20":0,"21":0,"22":0,"23":0,"24":0,"25":0,"26":0,"27":0,"28":0,"29":0,"30":0,"31":0,"32":0,"33":0,"34":0,"35":0,"36":0,"37":0,"38":0,"39":0,"40":0,"41":0,"42":0,"43":0,"44":0,"45":0,"46":0,"47":0,"48":0,"49":0,"50":0,"51":0,"52":0,"53":0,"54":0,"55":0,"56":0,"57":0,"58":0,"59":0,"60":0,"61":0,"62":0,"63":0,"64":0,"65":0,"66":0,"67":0,"68":0,"69":0,"70":0,"71":0,"72":0,"73":0,"74":0,"75":0,"76":0,"77":0,"78":0,"79":0,"80":0,"81":0,"82":0,"83":0,"84":0,"85":0,"86":0,"87":0,"88":0,"89":0,"90":0,"91":0,"92":0,"93":0,"94":0,"95":0,"96":0,"97":0,"98":0,"99":0,"100":0,"101":0,"102":0,"103":0,"104":0,"105":0,"106":0,"107":0,"108":0,"109":0,"110":0,"111":0,"112":0,"113":0,"114":0,"115":0,"116":0,"117":0,"118":0,"119":0,"120":0,"121":0,"122":0,"123":0,"124":0,"125":0,"126":0,"127":0,"128":0,"129":0,"130":0,"131":0,"132":0,"133":0,"134":0,"135":0,"136":0,"137":0,"138":0,"139":0,"140":0,"141":0,"142":0,"143":0,"144":0},"f":{"0":0,"1":0,"2":0,"3":0,"4":0,"5":0,"6":0,"7":0,"8":0,"9":0,"10":0,"11":0,"12":0,"13":0,"14":0,"15":0,"16":0,"17":0,"18":0},"b":{"0":[0],"1":[0],"2":[0],"3":[0],"4":[0],"5":[0],"6":[0],"7":[0,0],"8":[0,0],"9":[0,0],"10":[0,0],"11":[0,0],"12":[0,0],"13":[0,0],"14":[0,0],"15":[0,0],"16":[0,0],"17":[0,0],"18":[0],"19":[0],"20":[0],"21":[0,0],"22":[0,0],"23":[0,0],"24":[0,0],"25":[0,0],"26":[0,0],"27":[0,0],"28":[0,0],"29":[0,0],"30":[0,0],"31":[0,0],"32":[0],"33":[0],"34":[0],"35":[0,0],"36":[0],"37":[0],"38":[0,0],"39":[0,0],"40":[0,0],"41":[0,0],"42":[0,0],"43":[0,0],"44":[0,0],"45":[0,0],"46":[0,0],"47":[0,0],"48":[0,0],"49":[0,0],"50":[0,0],"51":[0,0],"52":[0,0],"53":[0,0],"54":[0,0]}}
,"/Users/earn/Projects/rawinlab/pingtome/apps/api/src/qr/dto/batch-download.dto.ts": {"path":"/Users/earn/Projects/rawinlab/pingtome/apps/api/src/qr/dto/batch-download.dto.ts","statementMap":{"0":{"start":{"line":1,"column":0},"end":{"line":1,"column":90}},"1":{"start":{"line":3,"column":0},"end":{"line":3,"column":13}},"2":{"start":{"line":6,"column":2},"end":{"line":6,"column":null}},"3":{"start":{"line":10,"column":2},"end":{"line":10,"column":null}},"4":{"start":{"line":16,"column":2},"end":{"line":16,"column":null}}},"fnMap":{},"branchMap":{},"s":{"0":0,"1":0,"2":0,"3":0,"4":0},"f":{},"b":{}}
,"/Users/earn/Projects/rawinlab/pingtome/apps/api/src/qr/dto/qr-config.dto.ts": {"path":"/Users/earn/Projects/rawinlab/pingtome/apps/api/src/qr/dto/qr-config.dto.ts","statementMap":{"0":{"start":{"line":1,"column":0},"end":{"line":1,"column":90}},"1":{"start":{"line":3,"column":0},"end":{"line":3,"column":13}},"2":{"start":{"line":7,"column":2},"end":{"line":7,"column":null}},"3":{"start":{"line":12,"column":2},"end":{"line":12,"column":null}},"4":{"start":{"line":16,"column":2},"end":{"line":16,"column":null}},"5":{"start":{"line":22,"column":2},"end":{"line":22,"column":null}},"6":{"start":{"line":26,"column":2},"end":{"line":26,"column":null}},"7":{"start":{"line":32,"column":2},"end":{"line":32,"column":null}},"8":{"start":{"line":38,"column":2},"end":{"line":38,"column":null}},"9":{"start":{"line":41,"column":0},"end":{"line":41,"column":13}}},"fnMap":{},"branchMap":{},"s":{"0":0,"1":0,"2":0,"3":0,"4":0,"5":0,"6":0,"7":0,"8":0,"9":0},"f":{},"b":{}}
,"/Users/earn/Projects/rawinlab/pingtome/apps/api/src/storage/storage.service.ts": {"path":"/Users/earn/Projects/rawinlab/pingtome/apps/api/src/storage/storage.service.ts","statementMap":{"0":{"start":{"line":1,"column":0},"end":{"line":1,"column":44}},"1":{"start":{"line":2,"column":0},"end":{"line":2,"column":64}},"2":{"start":{"line":5,"column":7},"end":{"line":43,"column":null}},"3":{"start":{"line":11,"column":22},"end":{"line":11,"column":68}},"4":{"start":{"line":12,"column":24},"end":{"line":12,"column":73}},"5":{"start":{"line":13,"column":28},"end":{"line":13,"column":81}},"6":{"start":{"line":14,"column":4},"end":{"line":14,"column":70}},"7":{"start":{"line":16,"column":4},"end":{"line":23,"column":7}},"8":{"start":{"line":27,"column":20},"end":{"line":32,"column":6}},"9":{"start":{"line":34,"column":4},"end":{"line":41,"column":5}},"10":{"start":{"line":35,"column":6},"end":{"line":35,"column":40}},"11":{"start":{"line":37,"column":6},"end":{"line":37,"column":47}},"12":{"start":{"line":39,"column":6},"end":{"line":39,"column":53}},"13":{"start":{"line":40,"column":6},"end":{"line":40,"column":47}},"14":{"start":{"line":5,"column":13},"end":{"line":5,"column":27}},"15":{"start":{"line":5,"column":13},"end":{"line":43,"column":null}}},"fnMap":{"0":{"name":"(anonymous_2)","decl":{"start":{"line":9,"column":2},"end":{"line":9,"column":null}},"loc":{"start":{"line":9,"column":2},"end":{"line":24,"column":3}}},"1":{"name":"(anonymous_3)","decl":{"start":{"line":26,"column":2},"end":{"line":26,"column":7}},"loc":{"start":{"line":26,"column":65},"end":{"line":42,"column":3}}}},"branchMap":{"0":{"loc":{"start":{"line":11,"column":22},"end":{"line":11,"column":68}},"type":"binary-expr","locations":[{"start":{"line":11,"column":22},"end":{"line":11,"column":47}},{"start":{"line":11,"column":51},"end":{"line":11,"column":68}}]},"1":{"loc":{"start":{"line":12,"column":24},"end":{"line":12,"column":73}},"type":"binary-expr","locations":[{"start":{"line":12,"column":24},"end":{"line":12,"column":52}},{"start":{"line":12,"column":56},"end":{"line":12,"column":73}}]},"2":{"loc":{"start":{"line":13,"column":28},"end":{"line":13,"column":81}},"type":"binary-expr","locations":[{"start":{"line":13,"column":28},"end":{"line":13,"column":60}},{"start":{"line":13,"column":64},"end":{"line":13,"column":81}}]},"3":{"loc":{"start":{"line":14,"column":22},"end":{"line":14,"column":69}},"type":"binary-expr","locations":[{"start":{"line":14,"column":22},"end":{"line":14,"column":48}},{"start":{"line":14,"column":52},"end":{"line":14,"column":69}}]}},"s":{"0":0,"1":0,"2":0,"3":0,"4":0,"5":0,"6":0,"7":0,"8":0,"9":0,"10":0,"11":0,"12":0,"13":0,"14":0,"15":0},"f":{"0":0,"1":0},"b":{"0":[0,0],"1":[0,0],"2":[0,0],"3":[0,0]}}
,"/Users/earn/Projects/rawinlab/pingtome/apps/api/src/tags/tags.controller.ts": {"path":"/Users/earn/Projects/rawinlab/pingtome/apps/api/src/tags/tags.controller.ts","statementMap":{"0":{"start":{"line":1,"column":0},"end":{"line":1,"column":131}},"1":{"start":{"line":2,"column":0},"end":{"line":2,"column":45}},"2":{"start":{"line":3,"column":0},"end":{"line":3,"column":47}},"3":{"start":{"line":4,"column":0},"end":{"line":4,"column":57}},"4":{"start":{"line":5,"column":0},"end":{"line":5,"column":59}},"5":{"start":{"line":9,"column":7},"end":{"line":53,"column":null}},"6":{"start":{"line":11,"column":21},"end":{"line":11,"column":34}},"7":{"start":{"line":12,"column":21},"end":{"line":12,"column":29}},"8":{"start":{"line":18,"column":16},"end":{"line":18,"column":26}},"9":{"start":{"line":19,"column":4},"end":{"line":25,"column":5}},"10":{"start":{"line":20,"column":21},"end":{"line":22,"column":8}},"11":{"start":{"line":23,"column":6},"end":{"line":23,"column":77}},"12":{"start":{"line":23,"column":19},"end":{"line":23,"column":77}},"13":{"start":{"line":24,"column":6},"end":{"line":24,"column":36}},"14":{"start":{"line":26,"column":4},"end":{"line":26,"column":78}},"15":{"start":{"line":32,"column":4},"end":{"line":38,"column":5}},"16":{"start":{"line":33,"column":21},"end":{"line":35,"column":8}},"17":{"start":{"line":36,"column":6},"end":{"line":36,"column":29}},"18":{"start":{"line":36,"column":19},"end":{"line":36,"column":29}},"19":{"start":{"line":37,"column":6},"end":{"line":37,"column":36}},"20":{"start":{"line":39,"column":4},"end":{"line":39,"column":56}},"21":{"start":{"line":45,"column":4},"end":{"line":45,"column":58}},"22":{"start":{"line":51,"column":4},"end":{"line":51,"column":52}},"23":{"start":{"line":9,"column":13},"end":{"line":9,"column":27}},"24":{"start":{"line":17,"column":8},"end":{"line":27,"column":null}},"25":{"start":{"line":31,"column":8},"end":{"line":40,"column":null}},"26":{"start":{"line":44,"column":2},"end":{"line":46,"column":null}},"27":{"start":{"line":50,"column":2},"end":{"line":52,"column":null}},"28":{"start":{"line":9,"column":13},"end":{"line":53,"column":null}}},"fnMap":{"0":{"name":"(anonymous_4)","decl":{"start":{"line":10,"column":2},"end":{"line":10,"column":null}},"loc":{"start":{"line":12,"column":42},"end":{"line":13,"column":7}}},"1":{"name":"(anonymous_5)","decl":{"start":{"line":17,"column":8},"end":{"line":17,"column":14}},"loc":{"start":{"line":17,"column":92},"end":{"line":27,"column":3}}},"2":{"name":"(anonymous_6)","decl":{"start":{"line":31,"column":8},"end":{"line":31,"column":15}},"loc":{"start":{"line":31,"column":61},"end":{"line":40,"column":3}}},"3":{"name":"(anonymous_7)","decl":{"start":{"line":44,"column":2},"end":{"line":44,"column":8}},"loc":{"start":{"line":44,"column":97},"end":{"line":46,"column":3}}},"4":{"name":"(anonymous_8)","decl":{"start":{"line":50,"column":2},"end":{"line":50,"column":8}},"loc":{"start":{"line":50,"column":48},"end":{"line":52,"column":3}}}},"branchMap":{"0":{"loc":{"start":{"line":19,"column":4},"end":{"line":25,"column":5}},"type":"if","locations":[{"start":{"line":19,"column":4},"end":{"line":25,"column":5}},{"start":{},"end":{}}]},"1":{"loc":{"start":{"line":19,"column":8},"end":{"line":19,"column":37}},"type":"binary-expr","locations":[{"start":{"line":19,"column":8},"end":{"line":19,"column":14}},{"start":{"line":19,"column":18},"end":{"line":19,"column":37}}]},"2":{"loc":{"start":{"line":23,"column":6},"end":{"line":23,"column":77}},"type":"if","locations":[{"start":{"line":23,"column":6},"end":{"line":23,"column":77}},{"start":{},"end":{}}]},"3":{"loc":{"start":{"line":32,"column":4},"end":{"line":38,"column":5}},"type":"if","locations":[{"start":{"line":32,"column":4},"end":{"line":38,"column":5}},{"start":{},"end":{}}]},"4":{"loc":{"start":{"line":32,"column":8},"end":{"line":32,"column":37}},"type":"binary-expr","locations":[{"start":{"line":32,"column":8},"end":{"line":32,"column":14}},{"start":{"line":32,"column":18},"end":{"line":32,"column":37}}]},"5":{"loc":{"start":{"line":36,"column":6},"end":{"line":36,"column":29}},"type":"if","locations":[{"start":{"line":36,"column":6},"end":{"line":36,"column":29}},{"start":{},"end":{}}]},"6":{"loc":{"start":{"line":11,"column":34},"end":{"line":11,"column":null}},"type":"cond-expr","locations":[{"start":{"line":11,"column":45},"end":{"line":11,"column":null}},{"start":{"line":11,"column":45},"end":{"line":11,"column":null}}]},"7":{"loc":{"start":{"line":11,"column":34},"end":{"line":11,"column":45}},"type":"binary-expr","locations":[{"start":{"line":11,"column":34},"end":{"line":11,"column":null}},{"start":{"line":11,"column":34},"end":{"line":11,"column":45}}]},"8":{"loc":{"start":{"line":11,"column":45},"end":{"line":12,"column":null}},"type":"cond-expr","locations":[{"start":{"line":12,"column":42},"end":{"line":12,"column":null}},{"start":{"line":12,"column":42},"end":{"line":12,"column":null}}]},"9":{"loc":{"start":{"line":11,"column":45},"end":{"line":12,"column":42}},"type":"binary-expr","locations":[{"start":{"line":11,"column":45},"end":{"line":12,"column":null}},{"start":{"line":12,"column":29},"end":{"line":12,"column":42}}]}},"s":{"0":0,"1":0,"2":0,"3":0,"4":0,"5":0,"6":0,"7":0,"8":0,"9":0,"10":0,"11":0,"12":0,"13":0,"14":0,"15":0,"16":0,"17":0,"18":0,"19":0,"20":0,"21":0,"22":0,"23":0,"24":0,"25":0,"26":0,"27":0,"28":0},"f":{"0":0,"1":0,"2":0,"3":0,"4":0},"b":{"0":[0,0],"1":[0,0],"2":[0,0],"3":[0,0],"4":[0,0],"5":[0,0],"6":[0,0],"7":[0,0],"8":[0,0],"9":[0,0]}}
,"/Users/earn/Projects/rawinlab/pingtome/apps/api/src/tags/tags.module.ts": {"path":"/Users/earn/Projects/rawinlab/pingtome/apps/api/src/tags/tags.module.ts","statementMap":{"0":{"start":{"line":1,"column":0},"end":{"line":1,"column":40}},"1":{"start":{"line":2,"column":0},"end":{"line":2,"column":45}},"2":{"start":{"line":3,"column":0},"end":{"line":3,"column":51}},"3":{"start":{"line":9,"column":7},"end":{"line":9,"column":null}},"4":{"start":{"line":9,"column":13},"end":{"line":9,"column":23}},"5":{"start":{"line":9,"column":13},"end":{"line":9,"column":null}}},"fnMap":{},"branchMap":{},"s":{"0":0,"1":0,"2":0,"3":0,"4":0,"5":0},"f":{},"b":{}}
,"/Users/earn/Projects/rawinlab/pingtome/apps/api/src/tags/tags.service.ts": {"path":"/Users/earn/Projects/rawinlab/pingtome/apps/api/src/tags/tags.service.ts","statementMap":{"0":{"start":{"line":1,"column":0},"end":{"line":1,"column":44}},"1":{"start":{"line":2,"column":0},"end":{"line":2,"column":57}},"2":{"start":{"line":5,"column":7},"end":{"line":43,"column":null}},"3":{"start":{"line":6,"column":31},"end":{"line":6,"column":39}},"4":{"start":{"line":9,"column":4},"end":{"line":15,"column":7}},"5":{"start":{"line":19,"column":4},"end":{"line":26,"column":7}},"6":{"start":{"line":32,"column":4},"end":{"line":35,"column":7}},"7":{"start":{"line":39,"column":4},"end":{"line":41,"column":7}},"8":{"start":{"line":5,"column":13},"end":{"line":5,"column":24}},"9":{"start":{"line":5,"column":13},"end":{"line":43,"column":null}}},"fnMap":{"0":{"name":"(anonymous_2)","decl":{"start":{"line":6,"column":2},"end":{"line":6,"column":31}},"loc":{"start":{"line":6,"column":52},"end":{"line":6,"column":57}}},"1":{"name":"(anonymous_3)","decl":{"start":{"line":8,"column":2},"end":{"line":8,"column":7}},"loc":{"start":{"line":8,"column":74},"end":{"line":16,"column":3}}},"2":{"name":"(anonymous_4)","decl":{"start":{"line":18,"column":2},"end":{"line":18,"column":7}},"loc":{"start":{"line":18,"column":45},"end":{"line":27,"column":3}}},"3":{"name":"(anonymous_5)","decl":{"start":{"line":29,"column":2},"end":{"line":29,"column":7}},"loc":{"start":{"line":29,"column":82},"end":{"line":36,"column":3}}},"4":{"name":"(anonymous_6)","decl":{"start":{"line":38,"column":2},"end":{"line":38,"column":7}},"loc":{"start":{"line":38,"column":41},"end":{"line":42,"column":3}}}},"branchMap":{"0":{"loc":{"start":{"line":6,"column":39},"end":{"line":6,"column":56}},"type":"cond-expr","locations":[{"start":{"line":6,"column":52},"end":{"line":6,"column":56}},{"start":{"line":6,"column":52},"end":{"line":6,"column":56}}]},"1":{"loc":{"start":{"line":6,"column":39},"end":{"line":6,"column":52}},"type":"binary-expr","locations":[{"start":{"line":6,"column":39},"end":{"line":6,"column":56}},{"start":{"line":6,"column":39},"end":{"line":6,"column":52}}]}},"s":{"0":0,"1":0,"2":0,"3":0,"4":0,"5":0,"6":0,"7":0,"8":0,"9":0},"f":{"0":0,"1":0,"2":0,"3":0,"4":0},"b":{"0":[0,0],"1":[0,0]}}
}
